SF:/home/ra/Projects/phie/src/atom.rs
FN:35,_RNvNtCsd0xxipD5aIV_4phie4atom7bool_if
FN:11,_RNvNtCsd0xxipD5aIV_4phie4atom7int_add
FN:27,_RNvNtCsd0xxipD5aIV_4phie4atom7int_div
FN:19,_RNvNtCsd0xxipD5aIV_4phie4atom7int_neg
FN:23,_RNvNtCsd0xxipD5aIV_4phie4atom7int_sub
FN:31,_RNvNtCsd0xxipD5aIV_4phie4atom8int_less
FN:15,_RNvNtCsd0xxipD5aIV_4phie4atom9int_times
FN:35,_RNvNtCsfkq9wuszlPn_4phie4atom7bool_if
FN:11,_RNvNtCsfkq9wuszlPn_4phie4atom7int_add
FN:27,_RNvNtCsfkq9wuszlPn_4phie4atom7int_div
FN:19,_RNvNtCsfkq9wuszlPn_4phie4atom7int_neg
FN:23,_RNvNtCsfkq9wuszlPn_4phie4atom7int_sub
FN:31,_RNvNtCsfkq9wuszlPn_4phie4atom8int_less
FN:15,_RNvNtCsfkq9wuszlPn_4phie4atom9int_times
FN:47,_RNvNtCsfkq9wuszlPn_4phie4atoms_13bool_if_works
FN:71,_RNvNtCsfkq9wuszlPn_4phie4atoms_13int_add_works
FN:110,_RNvNtCsfkq9wuszlPn_4phie4atoms_13int_div_works
FN:97,_RNvNtCsfkq9wuszlPn_4phie4atoms_13int_sub_works
FN:123,_RNvNtCsfkq9wuszlPn_4phie4atoms_14int_less_works
FN:84,_RNvNtCsfkq9wuszlPn_4phie4atoms_15int_times_works
FNDA:8304,_RNvNtCsd0xxipD5aIV_4phie4atom7bool_if
FNDA:4206,_RNvNtCsd0xxipD5aIV_4phie4atom7int_add
FNDA:3,_RNvNtCsd0xxipD5aIV_4phie4atom7int_div
FNDA:26,_RNvNtCsd0xxipD5aIV_4phie4atom7int_neg
FNDA:8151,_RNvNtCsd0xxipD5aIV_4phie4atom7int_sub
FNDA:8304,_RNvNtCsd0xxipD5aIV_4phie4atom8int_less
FNDA:3,_RNvNtCsd0xxipD5aIV_4phie4atom9int_times
FNDA:156,_RNvNtCsfkq9wuszlPn_4phie4atom7bool_if
FNDA:96,_RNvNtCsfkq9wuszlPn_4phie4atom7int_add
FNDA:3,_RNvNtCsfkq9wuszlPn_4phie4atom7int_div
FNDA:4,_RNvNtCsfkq9wuszlPn_4phie4atom7int_neg
FNDA:147,_RNvNtCsfkq9wuszlPn_4phie4atom7int_sub
FNDA:159,_RNvNtCsfkq9wuszlPn_4phie4atom8int_less
FNDA:3,_RNvNtCsfkq9wuszlPn_4phie4atom9int_times
FNDA:1,_RNvNtCsfkq9wuszlPn_4phie4atoms_13bool_if_works
FNDA:1,_RNvNtCsfkq9wuszlPn_4phie4atoms_13int_add_works
FNDA:1,_RNvNtCsfkq9wuszlPn_4phie4atoms_13int_div_works
FNDA:1,_RNvNtCsfkq9wuszlPn_4phie4atoms_13int_sub_works
FNDA:1,_RNvNtCsfkq9wuszlPn_4phie4atoms_14int_less_works
FNDA:1,_RNvNtCsfkq9wuszlPn_4phie4atoms_15int_times_works
FNF:13
FNH:13
DA:11,4302
DA:12,4302
DA:13,4302
DA:15,6
DA:16,6
DA:17,6
DA:19,30
DA:20,30
DA:21,30
DA:23,8298
DA:24,8298
DA:25,8298
DA:27,6
DA:28,6
DA:29,6
DA:31,8463
DA:32,8463
DA:33,8463
DA:35,8460
DA:36,8460
DA:37,5640
DA:38,8460
DA:47,1
DA:48,1
DA:50,1
DA:51,1
DA:52,1
DA:53,1
DA:54,1
DA:55,1
DA:56,1
DA:58,1
DA:60,1
DA:61,1
DA:62,1
DA:63,1
DA:64,1
DA:65,1
DA:66,1
DA:68,1
DA:71,1
DA:72,1
DA:74,1
DA:75,1
DA:76,1
DA:77,1
DA:78,1
DA:79,1
DA:81,1
DA:84,1
DA:85,1
DA:87,1
DA:88,1
DA:89,1
DA:90,1
DA:91,1
DA:92,1
DA:94,1
DA:97,1
DA:98,1
DA:100,1
DA:101,1
DA:102,1
DA:103,1
DA:104,1
DA:105,1
DA:107,1
DA:110,1
DA:111,1
DA:113,1
DA:114,1
DA:115,1
DA:116,1
DA:117,1
DA:118,1
DA:120,1
DA:123,1
DA:124,1
DA:126,1
DA:127,1
DA:128,1
DA:129,1
DA:130,1
DA:131,1
DA:133,1
DA:135,1
DA:136,1
DA:137,1
DA:138,1
DA:139,1
DA:140,1
DA:142,1
DA:144,1
DA:145,1
DA:146,1
DA:147,1
DA:148,1
DA:149,1
DA:151,1
BRF:0
BRH:0
LF:99
LH:99
end_of_record
SF:/home/ra/Projects/phie/src/basket.rs
FN:88,_RNCNvXs1_NtCsd0xxipD5aIV_4phie6basketNtB7_6BasketNtNtNtCs35vC3OypZpH_4core3str6traits7FromStr8from_str0B9_
FN:95,_RNCNvXs1_NtCsd0xxipD5aIV_4phie6basketNtB7_6BasketNtNtNtCs35vC3OypZpH_4core3str6traits7FromStr8from_strs0_0B9_
FN:97,_RNCNvXs1_NtCsd0xxipD5aIV_4phie6basketNtB7_6BasketNtNtNtCs35vC3OypZpH_4core3str6traits7FromStr8from_strs1_0B9_
FN:100,_RNCNvXs1_NtCsd0xxipD5aIV_4phie6basketNtB7_6BasketNtNtNtCs35vC3OypZpH_4core3str6traits7FromStr8from_strs2_0B9_
FN:106,_RNCNvXs1_NtCsd0xxipD5aIV_4phie6basketNtB7_6BasketNtNtNtCs35vC3OypZpH_4core3str6traits7FromStr8from_strs3_0B9_
FN:109,_RNCNvXs1_NtCsd0xxipD5aIV_4phie6basketNtB7_6BasketNtNtNtCs35vC3OypZpH_4core3str6traits7FromStr8from_strs4_0B9_
FN:115,_RNCNvXs1_NtCsd0xxipD5aIV_4phie6basketNtB7_6BasketNtNtNtCs35vC3OypZpH_4core3str6traits7FromStr8from_strs5_0B9_
FN:117,_RNCNvXs1_NtCsd0xxipD5aIV_4phie6basketNtB7_6BasketNtNtNtCs35vC3OypZpH_4core3str6traits7FromStr8from_strs6_0B9_
FN:121,_RNCNvXs1_NtCsd0xxipD5aIV_4phie6basketNtB7_6BasketNtNtNtCs35vC3OypZpH_4core3str6traits7FromStr8from_strs7_0B9_
FN:124,_RNCNvXs1_NtCsd0xxipD5aIV_4phie6basketNtB7_6BasketNtNtNtCs35vC3OypZpH_4core3str6traits7FromStr8from_strs8_0B9_
FN:131,_RNCNvXs1_NtCsd0xxipD5aIV_4phie6basketNtB7_6BasketNtNtNtCs35vC3OypZpH_4core3str6traits7FromStr8from_strs9_0B9_
FN:92,_RNCNvXs1_NtCsd0xxipD5aIV_4phie6basketNtB7_6BasketNtNtNtCs35vC3OypZpH_4core3str6traits7FromStr8from_strs_0B9_
FN:134,_RNCNvXs1_NtCsd0xxipD5aIV_4phie6basketNtB7_6BasketNtNtNtCs35vC3OypZpH_4core3str6traits7FromStr8from_strsa_0B9_
FN:140,_RNCNvXs1_NtCsd0xxipD5aIV_4phie6basketNtB7_6BasketNtNtNtCs35vC3OypZpH_4core3str6traits7FromStr8from_strsb_0B9_
FN:145,_RNCNvXs1_NtCsd0xxipD5aIV_4phie6basketNtB7_6BasketNtNtNtCs35vC3OypZpH_4core3str6traits7FromStr8from_strsc_0B9_
FN:148,_RNCNvXs1_NtCsd0xxipD5aIV_4phie6basketNtB7_6BasketNtNtNtCs35vC3OypZpH_4core3str6traits7FromStr8from_strsd_0B9_
FN:150,_RNCNvXs1_NtCsd0xxipD5aIV_4phie6basketNtB7_6BasketNtNtNtCs35vC3OypZpH_4core3str6traits7FromStr8from_strse_0B9_
FN:156,_RNCNvXs1_NtCsd0xxipD5aIV_4phie6basketNtB7_6BasketNtNtNtCs35vC3OypZpH_4core3str6traits7FromStr8from_strsf_0B9_
FN:161,_RNCNvXs1_NtCsd0xxipD5aIV_4phie6basketNtB7_6BasketNtNtNtCs35vC3OypZpH_4core3str6traits7FromStr8from_strsg_0B9_
FN:165,_RNCNvXs1_NtCsd0xxipD5aIV_4phie6basketNtB7_6BasketNtNtNtCs35vC3OypZpH_4core3str6traits7FromStr8from_strsh_0B9_
FN:168,_RNCNvXs1_NtCsd0xxipD5aIV_4phie6basketNtB7_6BasketNtNtNtCs35vC3OypZpH_4core3str6traits7FromStr8from_strsi_0B9_
FN:176,_RNCNvXs1_NtCsd0xxipD5aIV_4phie6basketNtB7_6BasketNtNtNtCs35vC3OypZpH_4core3str6traits7FromStr8from_strsj_0B9_
FN:179,_RNCNvXs1_NtCsd0xxipD5aIV_4phie6basketNtB7_6BasketNtNtNtCs35vC3OypZpH_4core3str6traits7FromStr8from_strsk_0B9_
FN:64,_RNCNvXs_NtCsd0xxipD5aIV_4phie6basketNtB6_6BasketNtNtCs35vC3OypZpH_4core3fmt7Display3fmt0B8_
FN:51,_RNvMNtCsd0xxipD5aIV_4phie6basketNtB2_6Basket3put
FN:31,_RNvMNtCsd0xxipD5aIV_4phie6basketNtB2_6Basket5empty
FN:39,_RNvMNtCsd0xxipD5aIV_4phie6basketNtB2_6Basket5start
FN:47,_RNvMNtCsd0xxipD5aIV_4phie6basketNtB2_6Basket8is_empty
FN:73,_RNvXs0_NtCsd0xxipD5aIV_4phie6basketNtB5_3KidNtNtCs35vC3OypZpH_4core3fmt7Display3fmt
FN:86,_RNvXs1_NtCsd0xxipD5aIV_4phie6basketNtB5_6BasketNtNtNtCs35vC3OypZpH_4core3str6traits7FromStr8from_str
FN:57,_RNvXs_NtCsd0xxipD5aIV_4phie6basketNtB4_6BasketNtNtCs35vC3OypZpH_4core3fmt7Display3fmt
FN:88,_RNCNvXs1_NtCsfkq9wuszlPn_4phie6basketNtB7_6BasketNtNtNtCs35vC3OypZpH_4core3str6traits7FromStr8from_str0B9_
FN:95,_RNCNvXs1_NtCsfkq9wuszlPn_4phie6basketNtB7_6BasketNtNtNtCs35vC3OypZpH_4core3str6traits7FromStr8from_strs0_0B9_
FN:97,_RNCNvXs1_NtCsfkq9wuszlPn_4phie6basketNtB7_6BasketNtNtNtCs35vC3OypZpH_4core3str6traits7FromStr8from_strs1_0B9_
FN:100,_RNCNvXs1_NtCsfkq9wuszlPn_4phie6basketNtB7_6BasketNtNtNtCs35vC3OypZpH_4core3str6traits7FromStr8from_strs2_0B9_
FN:106,_RNCNvXs1_NtCsfkq9wuszlPn_4phie6basketNtB7_6BasketNtNtNtCs35vC3OypZpH_4core3str6traits7FromStr8from_strs3_0B9_
FN:109,_RNCNvXs1_NtCsfkq9wuszlPn_4phie6basketNtB7_6BasketNtNtNtCs35vC3OypZpH_4core3str6traits7FromStr8from_strs4_0B9_
FN:115,_RNCNvXs1_NtCsfkq9wuszlPn_4phie6basketNtB7_6BasketNtNtNtCs35vC3OypZpH_4core3str6traits7FromStr8from_strs5_0B9_
FN:117,_RNCNvXs1_NtCsfkq9wuszlPn_4phie6basketNtB7_6BasketNtNtNtCs35vC3OypZpH_4core3str6traits7FromStr8from_strs6_0B9_
FN:121,_RNCNvXs1_NtCsfkq9wuszlPn_4phie6basketNtB7_6BasketNtNtNtCs35vC3OypZpH_4core3str6traits7FromStr8from_strs7_0B9_
FN:124,_RNCNvXs1_NtCsfkq9wuszlPn_4phie6basketNtB7_6BasketNtNtNtCs35vC3OypZpH_4core3str6traits7FromStr8from_strs8_0B9_
FN:131,_RNCNvXs1_NtCsfkq9wuszlPn_4phie6basketNtB7_6BasketNtNtNtCs35vC3OypZpH_4core3str6traits7FromStr8from_strs9_0B9_
FN:92,_RNCNvXs1_NtCsfkq9wuszlPn_4phie6basketNtB7_6BasketNtNtNtCs35vC3OypZpH_4core3str6traits7FromStr8from_strs_0B9_
FN:134,_RNCNvXs1_NtCsfkq9wuszlPn_4phie6basketNtB7_6BasketNtNtNtCs35vC3OypZpH_4core3str6traits7FromStr8from_strsa_0B9_
FN:140,_RNCNvXs1_NtCsfkq9wuszlPn_4phie6basketNtB7_6BasketNtNtNtCs35vC3OypZpH_4core3str6traits7FromStr8from_strsb_0B9_
FN:145,_RNCNvXs1_NtCsfkq9wuszlPn_4phie6basketNtB7_6BasketNtNtNtCs35vC3OypZpH_4core3str6traits7FromStr8from_strsc_0B9_
FN:148,_RNCNvXs1_NtCsfkq9wuszlPn_4phie6basketNtB7_6BasketNtNtNtCs35vC3OypZpH_4core3str6traits7FromStr8from_strsd_0B9_
FN:150,_RNCNvXs1_NtCsfkq9wuszlPn_4phie6basketNtB7_6BasketNtNtNtCs35vC3OypZpH_4core3str6traits7FromStr8from_strse_0B9_
FN:156,_RNCNvXs1_NtCsfkq9wuszlPn_4phie6basketNtB7_6BasketNtNtNtCs35vC3OypZpH_4core3str6traits7FromStr8from_strsf_0B9_
FN:161,_RNCNvXs1_NtCsfkq9wuszlPn_4phie6basketNtB7_6BasketNtNtNtCs35vC3OypZpH_4core3str6traits7FromStr8from_strsg_0B9_
FN:165,_RNCNvXs1_NtCsfkq9wuszlPn_4phie6basketNtB7_6BasketNtNtNtCs35vC3OypZpH_4core3str6traits7FromStr8from_strsh_0B9_
FN:168,_RNCNvXs1_NtCsfkq9wuszlPn_4phie6basketNtB7_6BasketNtNtNtCs35vC3OypZpH_4core3str6traits7FromStr8from_strsi_0B9_
FN:176,_RNCNvXs1_NtCsfkq9wuszlPn_4phie6basketNtB7_6BasketNtNtNtCs35vC3OypZpH_4core3str6traits7FromStr8from_strsj_0B9_
FN:179,_RNCNvXs1_NtCsfkq9wuszlPn_4phie6basketNtB7_6BasketNtNtNtCs35vC3OypZpH_4core3str6traits7FromStr8from_strsk_0B9_
FN:64,_RNCNvXs_NtCsfkq9wuszlPn_4phie6basketNtB6_6BasketNtNtCs35vC3OypZpH_4core3fmt7Display3fmt0B8_
FN:51,_RNvMNtCsfkq9wuszlPn_4phie6basketNtB2_6Basket3put
FN:31,_RNvMNtCsfkq9wuszlPn_4phie6basketNtB2_6Basket5empty
FN:39,_RNvMNtCsfkq9wuszlPn_4phie6basketNtB2_6Basket5start
FN:47,_RNvMNtCsfkq9wuszlPn_4phie6basketNtB2_6Basket8is_empty
FN:216,_RNvNtCsfkq9wuszlPn_4phie6baskets_13parses_itself
FN:204,_RNvNtCsfkq9wuszlPn_4phie6baskets_13prints_itself
FN:196,_RNvNtCsfkq9wuszlPn_4phie6baskets_15checks_if_empty
FN:323,_RNvNtCsfkq9wuszlPn_4phie6baskets_15parses_wait_kid
FN:187,_RNvNtCsfkq9wuszlPn_4phie6baskets_19makes_simple_basket
FN:231,_RNvNtCsfkq9wuszlPn_4phie6baskets_25fails_on_invalid_data_hex
FN:307,_RNvNtCsfkq9wuszlPn_4phie6baskets_25fails_on_invalid_wait_loc
FN:291,_RNvNtCsfkq9wuszlPn_4phie6baskets_25fails_on_missing_psi_part
FN:251,_RNvNtCsfkq9wuszlPn_4phie6baskets_25fails_on_unknown_kid_type
FN:275,_RNvNtCsfkq9wuszlPn_4phie6baskets_26fails_on_invalid_ob_number
FN:283,_RNvNtCsfkq9wuszlPn_4phie6baskets_27fails_on_invalid_psi_number
FN:245,_RNvNtCsfkq9wuszlPn_4phie6baskets_28fails_on_invalid_need_format
FN:239,_RNvNtCsfkq9wuszlPn_4phie6baskets_28fails_on_invalid_wait_format
FN:299,_RNvNtCsfkq9wuszlPn_4phie6baskets_28fails_on_invalid_wait_number
FN:223,_RNvNtCsfkq9wuszlPn_4phie6baskets_30fails_on_invalid_basket_format
FN:269,_RNvNtCsfkq9wuszlPn_4phie6baskets_32fails_on_invalid_location_in_kid
FN:257,_RNvNtCsfkq9wuszlPn_4phie6baskets_32fails_on_invalid_need_obj_number
FN:263,_RNvNtCsfkq9wuszlPn_4phie6baskets_32fails_on_invalid_need_psi_number
FN:73,_RNvXs0_NtCsfkq9wuszlPn_4phie6basketNtB5_3KidNtNtCs35vC3OypZpH_4core3fmt7Display3fmt
FN:86,_RNvXs1_NtCsfkq9wuszlPn_4phie6basketNtB5_6BasketNtNtNtCs35vC3OypZpH_4core3str6traits7FromStr8from_str
FN:57,_RNvXs_NtCsfkq9wuszlPn_4phie6basketNtB4_6BasketNtNtCs35vC3OypZpH_4core3fmt7Display3fmt
FNDA:0,_RNCNvXs1_NtCsd0xxipD5aIV_4phie6basketNtB7_6BasketNtNtNtCs35vC3OypZpH_4core3str6traits7FromStr8from_str0B9_
FNDA:0,_RNCNvXs1_NtCsd0xxipD5aIV_4phie6basketNtB7_6BasketNtNtNtCs35vC3OypZpH_4core3str6traits7FromStr8from_strs0_0B9_
FNDA:0,_RNCNvXs1_NtCsd0xxipD5aIV_4phie6basketNtB7_6BasketNtNtNtCs35vC3OypZpH_4core3str6traits7FromStr8from_strs1_0B9_
FNDA:0,_RNCNvXs1_NtCsd0xxipD5aIV_4phie6basketNtB7_6BasketNtNtNtCs35vC3OypZpH_4core3str6traits7FromStr8from_strs2_0B9_
FNDA:0,_RNCNvXs1_NtCsd0xxipD5aIV_4phie6basketNtB7_6BasketNtNtNtCs35vC3OypZpH_4core3str6traits7FromStr8from_strs3_0B9_
FNDA:0,_RNCNvXs1_NtCsd0xxipD5aIV_4phie6basketNtB7_6BasketNtNtNtCs35vC3OypZpH_4core3str6traits7FromStr8from_strs4_0B9_
FNDA:0,_RNCNvXs1_NtCsd0xxipD5aIV_4phie6basketNtB7_6BasketNtNtNtCs35vC3OypZpH_4core3str6traits7FromStr8from_strs5_0B9_
FNDA:0,_RNCNvXs1_NtCsd0xxipD5aIV_4phie6basketNtB7_6BasketNtNtNtCs35vC3OypZpH_4core3str6traits7FromStr8from_strs6_0B9_
FNDA:0,_RNCNvXs1_NtCsd0xxipD5aIV_4phie6basketNtB7_6BasketNtNtNtCs35vC3OypZpH_4core3str6traits7FromStr8from_strs7_0B9_
FNDA:0,_RNCNvXs1_NtCsd0xxipD5aIV_4phie6basketNtB7_6BasketNtNtNtCs35vC3OypZpH_4core3str6traits7FromStr8from_strs8_0B9_
FNDA:0,_RNCNvXs1_NtCsd0xxipD5aIV_4phie6basketNtB7_6BasketNtNtNtCs35vC3OypZpH_4core3str6traits7FromStr8from_strs9_0B9_
FNDA:0,_RNCNvXs1_NtCsd0xxipD5aIV_4phie6basketNtB7_6BasketNtNtNtCs35vC3OypZpH_4core3str6traits7FromStr8from_strs_0B9_
FNDA:0,_RNCNvXs1_NtCsd0xxipD5aIV_4phie6basketNtB7_6BasketNtNtNtCs35vC3OypZpH_4core3str6traits7FromStr8from_strsa_0B9_
FNDA:0,_RNCNvXs1_NtCsd0xxipD5aIV_4phie6basketNtB7_6BasketNtNtNtCs35vC3OypZpH_4core3str6traits7FromStr8from_strsb_0B9_
FNDA:0,_RNCNvXs1_NtCsd0xxipD5aIV_4phie6basketNtB7_6BasketNtNtNtCs35vC3OypZpH_4core3str6traits7FromStr8from_strsc_0B9_
FNDA:0,_RNCNvXs1_NtCsd0xxipD5aIV_4phie6basketNtB7_6BasketNtNtNtCs35vC3OypZpH_4core3str6traits7FromStr8from_strsd_0B9_
FNDA:0,_RNCNvXs1_NtCsd0xxipD5aIV_4phie6basketNtB7_6BasketNtNtNtCs35vC3OypZpH_4core3str6traits7FromStr8from_strse_0B9_
FNDA:0,_RNCNvXs1_NtCsd0xxipD5aIV_4phie6basketNtB7_6BasketNtNtNtCs35vC3OypZpH_4core3str6traits7FromStr8from_strsf_0B9_
FNDA:0,_RNCNvXs1_NtCsd0xxipD5aIV_4phie6basketNtB7_6BasketNtNtNtCs35vC3OypZpH_4core3str6traits7FromStr8from_strsg_0B9_
FNDA:0,_RNCNvXs1_NtCsd0xxipD5aIV_4phie6basketNtB7_6BasketNtNtNtCs35vC3OypZpH_4core3str6traits7FromStr8from_strsh_0B9_
FNDA:0,_RNCNvXs1_NtCsd0xxipD5aIV_4phie6basketNtB7_6BasketNtNtNtCs35vC3OypZpH_4core3str6traits7FromStr8from_strsi_0B9_
FNDA:0,_RNCNvXs1_NtCsd0xxipD5aIV_4phie6basketNtB7_6BasketNtNtNtCs35vC3OypZpH_4core3str6traits7FromStr8from_strsj_0B9_
FNDA:0,_RNCNvXs1_NtCsd0xxipD5aIV_4phie6basketNtB7_6BasketNtNtNtCs35vC3OypZpH_4core3str6traits7FromStr8from_strsk_0B9_
FNDA:2584765,_RNCNvXs_NtCsd0xxipD5aIV_4phie6basketNtB6_6BasketNtNtCs35vC3OypZpH_4core3fmt7Display3fmt0B8_
FNDA:133376,_RNvMNtCsd0xxipD5aIV_4phie6basketNtB2_6Basket3put
FNDA:26529,_RNvMNtCsd0xxipD5aIV_4phie6basketNtB2_6Basket5empty
FNDA:15488,_RNvMNtCsd0xxipD5aIV_4phie6basketNtB2_6Basket5start
FNDA:232895887,_RNvMNtCsd0xxipD5aIV_4phie6basketNtB2_6Basket8is_empty
FNDA:2584765,_RNvXs0_NtCsd0xxipD5aIV_4phie6basketNtB5_3KidNtNtCs35vC3OypZpH_4core3fmt7Display3fmt
FNDA:0,_RNvXs1_NtCsd0xxipD5aIV_4phie6basketNtB5_6BasketNtNtNtCs35vC3OypZpH_4core3str6traits7FromStr8from_str
FNDA:1122408,_RNvXs_NtCsd0xxipD5aIV_4phie6basketNtB4_6BasketNtNtCs35vC3OypZpH_4core3fmt7Display3fmt
FNDA:0,_RNCNvXs1_NtCsfkq9wuszlPn_4phie6basketNtB7_6BasketNtNtNtCs35vC3OypZpH_4core3str6traits7FromStr8from_str0B9_
FNDA:0,_RNCNvXs1_NtCsfkq9wuszlPn_4phie6basketNtB7_6BasketNtNtNtCs35vC3OypZpH_4core3str6traits7FromStr8from_strs0_0B9_
FNDA:58,_RNCNvXs1_NtCsfkq9wuszlPn_4phie6basketNtB7_6BasketNtNtNtCs35vC3OypZpH_4core3str6traits7FromStr8from_strs1_0B9_
FNDA:0,_RNCNvXs1_NtCsfkq9wuszlPn_4phie6basketNtB7_6BasketNtNtNtCs35vC3OypZpH_4core3str6traits7FromStr8from_strs2_0B9_
FNDA:1,_RNCNvXs1_NtCsfkq9wuszlPn_4phie6basketNtB7_6BasketNtNtNtCs35vC3OypZpH_4core3str6traits7FromStr8from_strs3_0B9_
FNDA:1,_RNCNvXs1_NtCsfkq9wuszlPn_4phie6basketNtB7_6BasketNtNtNtCs35vC3OypZpH_4core3str6traits7FromStr8from_strs4_0B9_
FNDA:1,_RNCNvXs1_NtCsfkq9wuszlPn_4phie6basketNtB7_6BasketNtNtNtCs35vC3OypZpH_4core3str6traits7FromStr8from_strs5_0B9_
FNDA:0,_RNCNvXs1_NtCsfkq9wuszlPn_4phie6basketNtB7_6BasketNtNtNtCs35vC3OypZpH_4core3str6traits7FromStr8from_strs6_0B9_
FNDA:1,_RNCNvXs1_NtCsfkq9wuszlPn_4phie6basketNtB7_6BasketNtNtNtCs35vC3OypZpH_4core3str6traits7FromStr8from_strs7_0B9_
FNDA:0,_RNCNvXs1_NtCsfkq9wuszlPn_4phie6basketNtB7_6BasketNtNtNtCs35vC3OypZpH_4core3str6traits7FromStr8from_strs8_0B9_
FNDA:0,_RNCNvXs1_NtCsfkq9wuszlPn_4phie6basketNtB7_6BasketNtNtNtCs35vC3OypZpH_4core3str6traits7FromStr8from_strs9_0B9_
FNDA:1,_RNCNvXs1_NtCsfkq9wuszlPn_4phie6basketNtB7_6BasketNtNtNtCs35vC3OypZpH_4core3str6traits7FromStr8from_strs_0B9_
FNDA:1,_RNCNvXs1_NtCsfkq9wuszlPn_4phie6basketNtB7_6BasketNtNtNtCs35vC3OypZpH_4core3str6traits7FromStr8from_strsa_0B9_
FNDA:0,_RNCNvXs1_NtCsfkq9wuszlPn_4phie6basketNtB7_6BasketNtNtNtCs35vC3OypZpH_4core3str6traits7FromStr8from_strsb_0B9_
FNDA:1,_RNCNvXs1_NtCsfkq9wuszlPn_4phie6basketNtB7_6BasketNtNtNtCs35vC3OypZpH_4core3str6traits7FromStr8from_strsc_0B9_
FNDA:1,_RNCNvXs1_NtCsfkq9wuszlPn_4phie6basketNtB7_6BasketNtNtNtCs35vC3OypZpH_4core3str6traits7FromStr8from_strsd_0B9_
FNDA:1,_RNCNvXs1_NtCsfkq9wuszlPn_4phie6basketNtB7_6BasketNtNtNtCs35vC3OypZpH_4core3str6traits7FromStr8from_strse_0B9_
FNDA:0,_RNCNvXs1_NtCsfkq9wuszlPn_4phie6basketNtB7_6BasketNtNtNtCs35vC3OypZpH_4core3str6traits7FromStr8from_strsf_0B9_
FNDA:1,_RNCNvXs1_NtCsfkq9wuszlPn_4phie6basketNtB7_6BasketNtNtNtCs35vC3OypZpH_4core3str6traits7FromStr8from_strsg_0B9_
FNDA:1,_RNCNvXs1_NtCsfkq9wuszlPn_4phie6basketNtB7_6BasketNtNtNtCs35vC3OypZpH_4core3str6traits7FromStr8from_strsh_0B9_
FNDA:1,_RNCNvXs1_NtCsfkq9wuszlPn_4phie6basketNtB7_6BasketNtNtNtCs35vC3OypZpH_4core3str6traits7FromStr8from_strsi_0B9_
FNDA:0,_RNCNvXs1_NtCsfkq9wuszlPn_4phie6basketNtB7_6BasketNtNtNtCs35vC3OypZpH_4core3str6traits7FromStr8from_strsj_0B9_
FNDA:1,_RNCNvXs1_NtCsfkq9wuszlPn_4phie6basketNtB7_6BasketNtNtNtCs35vC3OypZpH_4core3str6traits7FromStr8from_strsk_0B9_
FNDA:346,_RNCNvXs_NtCsfkq9wuszlPn_4phie6basketNtB6_6BasketNtNtCs35vC3OypZpH_4core3fmt7Display3fmt0B8_
FNDA:3105,_RNvMNtCsfkq9wuszlPn_4phie6basketNtB2_6Basket3put
FNDA:4860,_RNvMNtCsfkq9wuszlPn_4phie6basketNtB2_6Basket5empty
FNDA:433,_RNvMNtCsfkq9wuszlPn_4phie6basketNtB2_6Basket5start
FNDA:3038819,_RNvMNtCsfkq9wuszlPn_4phie6basketNtB2_6Basket8is_empty
FNDA:1,_RNvNtCsfkq9wuszlPn_4phie6baskets_13parses_itself
FNDA:1,_RNvNtCsfkq9wuszlPn_4phie6baskets_13prints_itself
FNDA:1,_RNvNtCsfkq9wuszlPn_4phie6baskets_15checks_if_empty
FNDA:1,_RNvNtCsfkq9wuszlPn_4phie6baskets_15parses_wait_kid
FNDA:1,_RNvNtCsfkq9wuszlPn_4phie6baskets_19makes_simple_basket
FNDA:1,_RNvNtCsfkq9wuszlPn_4phie6baskets_25fails_on_invalid_data_hex
FNDA:1,_RNvNtCsfkq9wuszlPn_4phie6baskets_25fails_on_invalid_wait_loc
FNDA:1,_RNvNtCsfkq9wuszlPn_4phie6baskets_25fails_on_missing_psi_part
FNDA:1,_RNvNtCsfkq9wuszlPn_4phie6baskets_25fails_on_unknown_kid_type
FNDA:1,_RNvNtCsfkq9wuszlPn_4phie6baskets_26fails_on_invalid_ob_number
FNDA:1,_RNvNtCsfkq9wuszlPn_4phie6baskets_27fails_on_invalid_psi_number
FNDA:1,_RNvNtCsfkq9wuszlPn_4phie6baskets_28fails_on_invalid_need_format
FNDA:1,_RNvNtCsfkq9wuszlPn_4phie6baskets_28fails_on_invalid_wait_format
FNDA:1,_RNvNtCsfkq9wuszlPn_4phie6baskets_28fails_on_invalid_wait_number
FNDA:1,_RNvNtCsfkq9wuszlPn_4phie6baskets_30fails_on_invalid_basket_format
FNDA:1,_RNvNtCsfkq9wuszlPn_4phie6baskets_32fails_on_invalid_location_in_kid
FNDA:1,_RNvNtCsfkq9wuszlPn_4phie6baskets_32fails_on_invalid_need_obj_number
FNDA:1,_RNvNtCsfkq9wuszlPn_4phie6baskets_32fails_on_invalid_need_psi_number
FNDA:346,_RNvXs0_NtCsfkq9wuszlPn_4phie6basketNtB5_3KidNtNtCs35vC3OypZpH_4core3fmt7Display3fmt
FNDA:18,_RNvXs1_NtCsfkq9wuszlPn_4phie6basketNtB5_6BasketNtNtNtCs35vC3OypZpH_4core3str6traits7FromStr8from_str
FNDA:198,_RNvXs_NtCsfkq9wuszlPn_4phie6basketNtB4_6BasketNtNtCs35vC3OypZpH_4core3fmt7Display3fmt
FNF:49
FNH:40
DA:31,31389
DA:32,31389
DA:33,31389
DA:34,31389
DA:35,31389
DA:36,31389
DA:37,31389
DA:39,15921
DA:40,15921
DA:41,15921
DA:42,15921
DA:43,15921
DA:44,15921
DA:45,15921
DA:47,235934706
DA:48,235934706
DA:49,235934706
DA:51,136481
DA:52,136481
DA:53,136481
DA:57,1122606
DA:58,1122606
DA:59,1122606
DA:60,1122606
DA:61,1122606
DA:62,1122606
DA:63,1122606
DA:64,2585111
DA:65,1122606
DA:66,1122606
DA:68,1122606
DA:69,1122606
DA:73,2585111
DA:74,2585111
DA:75,433109
DA:76,480253
DA:77,3
DA:78,985576
DA:79,686170
DA:81,2585111
DA:86,18
DA:87,18
DA:88,18
DA:89,18
DA:90,18
DA:91,18
DA:92,18
DA:93,17
DA:94,17
DA:95,17
DA:96,17
DA:97,58
DA:98,17
DA:99,17
DA:100,17
DA:101,17
DA:102,17
DA:103,17
DA:104,17
DA:105,17
DA:106,17
DA:107,16
DA:108,16
DA:109,16
DA:110,15
DA:111,15
DA:112,15
DA:113,15
DA:114,15
DA:115,15
DA:116,14
DA:117,14
DA:118,25
DA:119,25
DA:120,25
DA:121,25
DA:122,24
DA:123,24
DA:124,24
DA:125,24
DA:126,24
DA:127,24
DA:128,22
DA:129,5
DA:130,5
DA:131,5
DA:132,5
DA:133,5
DA:134,5
DA:135,4
DA:137,17
DA:138,7
DA:139,7
DA:140,7
DA:141,7
DA:142,7
DA:143,7
DA:144,7
DA:145,7
DA:146,6
DA:147,6
DA:148,6
DA:149,5
DA:150,5
DA:151,4
DA:153,10
DA:154,5
DA:155,5
DA:156,5
DA:157,5
DA:158,5
DA:159,5
DA:160,5
DA:161,5
DA:162,4
DA:163,4
DA:164,4
DA:165,4
DA:166,3
DA:167,3
DA:168,3
DA:169,2
DA:171,5
DA:172,0
DA:174,17
DA:175,17
DA:176,17
DA:177,17
DA:178,17
DA:179,17
DA:180,16
DA:182,5
DA:183,18
DA:187,1
DA:188,1
DA:189,1
DA:190,1
DA:191,1
DA:192,0
DA:193,1
DA:196,1
DA:197,1
DA:198,1
DA:199,1
DA:200,1
DA:201,1
DA:204,1
DA:205,1
DA:206,1
DA:207,1
DA:208,1
DA:209,1
DA:211,1
DA:213,1
DA:216,1
DA:217,1
DA:218,1
DA:219,1
DA:220,1
DA:223,1
DA:224,1
DA:225,1
DA:226,1
DA:227,1
DA:228,1
DA:231,1
DA:232,1
DA:233,1
DA:234,1
DA:235,1
DA:236,1
DA:239,1
DA:240,1
DA:241,1
DA:242,1
DA:245,1
DA:246,1
DA:247,1
DA:248,1
DA:251,1
DA:252,1
DA:253,1
DA:254,1
DA:257,1
DA:258,1
DA:259,1
DA:260,1
DA:263,1
DA:264,1
DA:265,1
DA:266,1
DA:269,1
DA:270,1
DA:271,1
DA:272,1
DA:275,1
DA:276,1
DA:277,1
DA:278,1
DA:279,1
DA:280,1
DA:283,1
DA:284,1
DA:285,1
DA:286,1
DA:287,1
DA:288,1
DA:291,1
DA:292,1
DA:293,1
DA:294,1
DA:295,1
DA:296,1
DA:299,1
DA:300,1
DA:301,1
DA:302,1
DA:303,1
DA:304,1
DA:307,1
DA:308,1
DA:309,1
DA:310,1
DA:311,1
DA:312,1
DA:323,1
DA:324,1
DA:325,1
DA:326,1
DA:327,1
DA:328,1
DA:329,1
DA:331,0
DA:333,1
BRF:0
BRH:0
LF:258
LH:246
end_of_record
SF:/home/ra/Projects/phie/src/bin/custom_executor.rs
FN:24,_RNCNvCs3QJu0vKu7mn_15custom_executor12run_emulator0B3_
FN:38,_RNCNvCs3QJu0vKu7mn_15custom_executor15execute_program0B3_
FN:15,_RNCNvCs3QJu0vKu7mn_15custom_executor7emulate0B3_
FN:22,_RNvCs3QJu0vKu7mn_15custom_executor12run_emulator
FN:29,_RNvCs3QJu0vKu7mn_15custom_executor15execute_program
FN:49,_RNvCs3QJu0vKu7mn_15custom_executor20validate_and_execute
FN:59,_RNvCs3QJu0vKu7mn_15custom_executor3run
FN:64,_RNvCs3QJu0vKu7mn_15custom_executor4main
FN:13,_RNvCs3QJu0vKu7mn_15custom_executor7emulate
FN:64,_RNvCs6LWEbJfoZ4n_15custom_executor4main
FN:22,_RNvCs6LWEbJfoZ4n_15custom_executor12run_emulator
FN:29,_RNvCs6LWEbJfoZ4n_15custom_executor15execute_program
FN:49,_RNvCs6LWEbJfoZ4n_15custom_executor20validate_and_execute
FN:59,_RNvCs6LWEbJfoZ4n_15custom_executor3run
FN:13,_RNvCs6LWEbJfoZ4n_15custom_executor7emulate
FN:208,_RNvCs6LWEbJfoZ4n_15custom_executors_16test_run_success
FN:112,_RNvCs6LWEbJfoZ4n_15custom_executors_17executes_sum_file
FN:120,_RNvCs6LWEbJfoZ4n_15custom_executors_18test_emulate_basic
FN:96,_RNvCs6LWEbJfoZ4n_15custom_executors_21executes_file_example
FN:347,_RNvCs6LWEbJfoZ4n_15custom_executors_21test_emulate_division
FN:140,_RNvCs6LWEbJfoZ4n_15custom_executors_21test_run_emulator_sum
FN:220,_RNvCs6LWEbJfoZ4n_15custom_executors_21test_run_with_no_args
FN:104,_RNvCs6LWEbJfoZ4n_15custom_executors_23executes_fibonacci_file
FN:380,_RNvCs6LWEbJfoZ4n_15custom_executors_23test_emulate_zero_value
FN:386,_RNvCs6LWEbJfoZ4n_15custom_executors_24test_emulate_large_value
FN:146,_RNvCs6LWEbJfoZ4n_15custom_executors_24test_emulate_simple_data
FN:369,_RNvCs6LWEbJfoZ4n_15custom_executors_24test_emulate_subtraction
FN:152,_RNvCs6LWEbJfoZ4n_15custom_executors_24test_emulate_with_lambda
FN:228,_RNvCs6LWEbJfoZ4n_15custom_executors_24test_run_with_single_arg
FN:298,_RNvCs6LWEbJfoZ4n_15custom_executors_24test_run_with_valid_file
FN:200,_RNvCs6LWEbJfoZ4n_15custom_executors_25validates_with_empty_args
FN:163,_RNvCs6LWEbJfoZ4n_15custom_executors_27test_run_emulator_fibonacci
FN:337,_RNvCs6LWEbJfoZ4n_15custom_executors_28test_emulate_negative_number
FN:358,_RNvCs6LWEbJfoZ4n_15custom_executors_28test_run_with_fibonacci_file
FN:129,_RNvCs6LWEbJfoZ4n_15custom_executors_31test_execute_program_single_arg
FN:392,_RNvCs6LWEbJfoZ4n_15custom_executors_31test_run_with_expected_mismatch
FN:330,_RNvCs6LWEbJfoZ4n_15custom_executors_32test_run_emulator_fibonacci_file
FN:236,_RNvCs6LWEbJfoZ4n_15custom_executors_34test_emulate_with_invalid_phi_code
FN:405,_RNvCs6LWEbJfoZ4n_15custom_executors_34test_validate_and_execute_sum_file
FN:77,_RNvCs6LWEbJfoZ4n_15custom_executors_36test_execute_program_with_valid_args
FN:287,_RNvCs6LWEbJfoZ4n_15custom_executors_37test_emulate_with_multiple_operations
FN:278,_RNvCs6LWEbJfoZ4n_15custom_executors_38test_execute_program_insufficient_args
FN:89,_RNvCs6LWEbJfoZ4n_15custom_executors_38test_execute_program_with_invalid_args
FN:310,_RNvCs6LWEbJfoZ4n_15custom_executors_38test_validate_and_execute_with_one_arg
FN:169,_RNvCs6LWEbJfoZ4n_15custom_executors_38validates_and_executes_with_valid_args
FN:192,_RNvCs6LWEbJfoZ4n_15custom_executors_39fails_validation_with_insufficient_args
FN:244,_RNvCs6LWEbJfoZ4n_15custom_executors_39test_run_emulator_with_nonexistent_file
FN:318,_RNvCs6LWEbJfoZ4n_15custom_executors_42test_execute_program_with_correct_expected
FN:180,_RNvCs6LWEbJfoZ4n_15custom_executors_43validates_and_executes_with_expected_result
FN:265,_RNvCs6LWEbJfoZ4n_15custom_executors_46test_execute_program_with_wrong_expected_value
FN:252,_RNvCs6LWEbJfoZ4n_15custom_executors_48test_execute_program_with_invalid_expected_value
FN:24,_RNCNvCs6LWEbJfoZ4n_15custom_executor12run_emulator0B3_
FN:38,_RNCNvCs6LWEbJfoZ4n_15custom_executor15execute_program0B3_
FN:15,_RNCNvCs6LWEbJfoZ4n_15custom_executor7emulate0B3_
FNDA:1,_RNCNvCs3QJu0vKu7mn_15custom_executor12run_emulator0B3_
FNDA:1,_RNCNvCs3QJu0vKu7mn_15custom_executor15execute_program0B3_
FNDA:0,_RNCNvCs3QJu0vKu7mn_15custom_executor7emulate0B3_
FNDA:7,_RNvCs3QJu0vKu7mn_15custom_executor12run_emulator
FNDA:7,_RNvCs3QJu0vKu7mn_15custom_executor15execute_program
FNDA:8,_RNvCs3QJu0vKu7mn_15custom_executor20validate_and_execute
FNDA:8,_RNvCs3QJu0vKu7mn_15custom_executor3run
FNDA:8,_RNvCs3QJu0vKu7mn_15custom_executor4main
FNDA:6,_RNvCs3QJu0vKu7mn_15custom_executor7emulate
FNDA:0,_RNvCs6LWEbJfoZ4n_15custom_executor4main
FNDA:19,_RNvCs6LWEbJfoZ4n_15custom_executor12run_emulator
FNDA:14,_RNvCs6LWEbJfoZ4n_15custom_executor15execute_program
FNDA:12,_RNvCs6LWEbJfoZ4n_15custom_executor20validate_and_execute
FNDA:6,_RNvCs6LWEbJfoZ4n_15custom_executor3run
FNDA:28,_RNvCs6LWEbJfoZ4n_15custom_executor7emulate
FNDA:1,_RNvCs6LWEbJfoZ4n_15custom_executors_16test_run_success
FNDA:1,_RNvCs6LWEbJfoZ4n_15custom_executors_17executes_sum_file
FNDA:1,_RNvCs6LWEbJfoZ4n_15custom_executors_18test_emulate_basic
FNDA:1,_RNvCs6LWEbJfoZ4n_15custom_executors_21executes_file_example
FNDA:1,_RNvCs6LWEbJfoZ4n_15custom_executors_21test_emulate_division
FNDA:1,_RNvCs6LWEbJfoZ4n_15custom_executors_21test_run_emulator_sum
FNDA:1,_RNvCs6LWEbJfoZ4n_15custom_executors_21test_run_with_no_args
FNDA:1,_RNvCs6LWEbJfoZ4n_15custom_executors_23executes_fibonacci_file
FNDA:1,_RNvCs6LWEbJfoZ4n_15custom_executors_23test_emulate_zero_value
FNDA:1,_RNvCs6LWEbJfoZ4n_15custom_executors_24test_emulate_large_value
FNDA:1,_RNvCs6LWEbJfoZ4n_15custom_executors_24test_emulate_simple_data
FNDA:1,_RNvCs6LWEbJfoZ4n_15custom_executors_24test_emulate_subtraction
FNDA:1,_RNvCs6LWEbJfoZ4n_15custom_executors_24test_emulate_with_lambda
FNDA:1,_RNvCs6LWEbJfoZ4n_15custom_executors_24test_run_with_single_arg
FNDA:1,_RNvCs6LWEbJfoZ4n_15custom_executors_24test_run_with_valid_file
FNDA:1,_RNvCs6LWEbJfoZ4n_15custom_executors_25validates_with_empty_args
FNDA:1,_RNvCs6LWEbJfoZ4n_15custom_executors_27test_run_emulator_fibonacci
FNDA:1,_RNvCs6LWEbJfoZ4n_15custom_executors_28test_emulate_negative_number
FNDA:1,_RNvCs6LWEbJfoZ4n_15custom_executors_28test_run_with_fibonacci_file
FNDA:1,_RNvCs6LWEbJfoZ4n_15custom_executors_31test_execute_program_single_arg
FNDA:1,_RNvCs6LWEbJfoZ4n_15custom_executors_31test_run_with_expected_mismatch
FNDA:1,_RNvCs6LWEbJfoZ4n_15custom_executors_32test_run_emulator_fibonacci_file
FNDA:1,_RNvCs6LWEbJfoZ4n_15custom_executors_34test_emulate_with_invalid_phi_code
FNDA:1,_RNvCs6LWEbJfoZ4n_15custom_executors_34test_validate_and_execute_sum_file
FNDA:1,_RNvCs6LWEbJfoZ4n_15custom_executors_36test_execute_program_with_valid_args
FNDA:1,_RNvCs6LWEbJfoZ4n_15custom_executors_37test_emulate_with_multiple_operations
FNDA:1,_RNvCs6LWEbJfoZ4n_15custom_executors_38test_execute_program_insufficient_args
FNDA:1,_RNvCs6LWEbJfoZ4n_15custom_executors_38test_execute_program_with_invalid_args
FNDA:1,_RNvCs6LWEbJfoZ4n_15custom_executors_38test_validate_and_execute_with_one_arg
FNDA:1,_RNvCs6LWEbJfoZ4n_15custom_executors_38validates_and_executes_with_valid_args
FNDA:1,_RNvCs6LWEbJfoZ4n_15custom_executors_39fails_validation_with_insufficient_args
FNDA:1,_RNvCs6LWEbJfoZ4n_15custom_executors_39test_run_emulator_with_nonexistent_file
FNDA:1,_RNvCs6LWEbJfoZ4n_15custom_executors_42test_execute_program_with_correct_expected
FNDA:1,_RNvCs6LWEbJfoZ4n_15custom_executors_43validates_and_executes_with_expected_result
FNDA:1,_RNvCs6LWEbJfoZ4n_15custom_executors_46test_execute_program_with_wrong_expected_value
FNDA:1,_RNvCs6LWEbJfoZ4n_15custom_executors_48test_execute_program_with_invalid_expected_value
FNDA:1,_RNCNvCs6LWEbJfoZ4n_15custom_executor12run_emulator0B3_
FNDA:1,_RNCNvCs6LWEbJfoZ4n_15custom_executor15execute_program0B3_
FNDA:1,_RNCNvCs6LWEbJfoZ4n_15custom_executor7emulate0B3_
FNF:45
FNH:45
DA:13,34
DA:14,33
DA:15,34
DA:16,33
DA:17,33
DA:18,33
DA:19,33
DA:20,34
DA:22,26
DA:23,26
DA:24,26
DA:25,24
DA:26,24
DA:27,26
DA:29,21
DA:30,21
DA:31,2
DA:32,19
DA:33,19
DA:34,19
DA:35,18
DA:36,9
DA:37,9
DA:38,9
DA:39,7
DA:40,3
DA:41,3
DA:42,3
DA:43,3
DA:44,4
DA:45,9
DA:46,13
DA:47,21
DA:49,20
DA:50,20
DA:51,6
DA:52,6
DA:53,6
DA:54,6
DA:55,14
DA:56,14
DA:57,20
DA:59,14
DA:60,14
DA:61,7
DA:62,14
DA:64,8
DA:65,8
DA:66,8
DA:67,8
DA:68,4
DA:69,4
DA:70,4
DA:71,4
DA:74,4
DA:77,1
DA:78,1
DA:79,1
DA:80,1
DA:81,1
DA:83,1
DA:84,1
DA:85,1
DA:86,1
DA:89,1
DA:90,1
DA:91,1
DA:92,1
DA:93,1
DA:96,1
DA:97,1
DA:99,1
DA:101,1
DA:104,1
DA:105,1
DA:107,1
DA:109,1
DA:112,1
DA:113,1
DA:115,1
DA:117,1
DA:120,1
DA:121,1
DA:122,1
DA:123,1
DA:124,1
DA:125,1
DA:126,1
DA:129,1
DA:130,1
DA:131,1
DA:132,1
DA:134,1
DA:135,1
DA:136,1
DA:137,1
DA:140,1
DA:141,1
DA:142,1
DA:143,1
DA:146,1
DA:147,1
DA:148,1
DA:149,1
DA:152,1
DA:153,1
DA:154,1
DA:155,1
DA:156,1
DA:157,1
DA:158,1
DA:159,1
DA:160,1
DA:163,1
DA:164,1
DA:165,1
DA:166,1
DA:169,1
DA:170,1
DA:171,1
DA:172,1
DA:174,1
DA:175,1
DA:176,1
DA:177,1
DA:180,1
DA:181,1
DA:182,1
DA:183,1
DA:184,1
DA:186,1
DA:187,1
DA:188,1
DA:189,1
DA:192,1
DA:193,1
DA:194,1
DA:195,1
DA:196,1
DA:197,1
DA:200,1
DA:201,1
DA:202,1
DA:203,1
DA:204,1
DA:205,1
DA:208,1
DA:209,1
DA:210,1
DA:211,1
DA:213,1
DA:214,1
DA:215,1
DA:216,1
DA:217,1
DA:220,1
DA:221,1
DA:222,1
DA:223,1
DA:224,1
DA:225,1
DA:228,1
DA:229,1
DA:230,1
DA:231,1
DA:232,1
DA:233,1
DA:236,1
DA:237,1
DA:238,1
DA:239,1
DA:240,1
DA:241,1
DA:244,1
DA:245,1
DA:246,1
DA:247,1
DA:248,1
DA:249,1
DA:252,1
DA:253,1
DA:254,1
DA:255,1
DA:256,1
DA:258,1
DA:259,1
DA:260,1
DA:261,1
DA:262,1
DA:265,1
DA:266,1
DA:267,1
DA:268,1
DA:269,1
DA:271,1
DA:272,1
DA:273,1
DA:274,1
DA:275,1
DA:278,1
DA:279,1
DA:280,1
DA:281,1
DA:282,1
DA:283,1
DA:284,1
DA:287,1
DA:288,1
DA:289,1
DA:290,1
DA:291,1
DA:292,1
DA:293,1
DA:294,1
DA:295,1
DA:298,1
DA:299,1
DA:300,1
DA:301,1
DA:303,1
DA:304,1
DA:305,1
DA:306,1
DA:307,1
DA:310,1
DA:311,1
DA:312,1
DA:313,1
DA:314,1
DA:315,1
DA:318,1
DA:319,1
DA:320,1
DA:321,1
DA:322,1
DA:324,1
DA:325,1
DA:326,1
DA:327,1
DA:330,1
DA:331,1
DA:332,1
DA:333,1
DA:334,1
DA:337,1
DA:338,1
DA:339,1
DA:340,1
DA:341,1
DA:342,1
DA:343,1
DA:344,1
DA:347,1
DA:348,1
DA:349,1
DA:350,1
DA:351,1
DA:352,1
DA:353,1
DA:354,1
DA:355,1
DA:358,1
DA:359,1
DA:360,1
DA:361,1
DA:363,1
DA:364,1
DA:365,1
DA:366,1
DA:369,1
DA:370,1
DA:371,1
DA:372,1
DA:373,1
DA:374,1
DA:375,1
DA:376,1
DA:377,1
DA:380,1
DA:381,1
DA:382,1
DA:383,1
DA:386,1
DA:387,1
DA:388,1
DA:389,1
DA:392,1
DA:393,1
DA:394,1
DA:395,1
DA:396,1
DA:398,1
DA:399,1
DA:400,1
DA:401,1
DA:402,1
DA:405,1
DA:406,1
DA:407,1
DA:408,1
DA:410,1
DA:411,1
DA:412,1
DA:413,1
BRF:0
BRH:0
LF:307
LH:307
end_of_record
SF:/home/ra/Projects/phie/src/bin/fibonacci.rs
FN:72,_RNvCsgEKwvq5ODqr_9fibonacci4main
FN:46,_RNCNvCsgEKwvq5ODqr_9fibonacci20parse_fibonacci_args0B3_
FN:49,_RNCNvCsgEKwvq5ODqr_9fibonacci20parse_fibonacci_argss_0B3_
FN:30,_RNCNvCsgEKwvq5ODqr_9fibonacci4fibo0B3_
FN:37,_RNvCsgEKwvq5ODqr_9fibonacci20parse_fibonacci_args
FN:53,_RNvCsgEKwvq5ODqr_9fibonacci20run_fibonacci_cycles
FN:63,_RNvCsgEKwvq5ODqr_9fibonacci3run
FN:10,_RNvCsgEKwvq5ODqr_9fibonacci4fibo
FN:172,_RNvCsgEKwvq5ODqr_9fibonaccis_16test_run_success
FN:88,_RNvCsgEKwvq5ODqr_9fibonaccis_20calculates_fibonacci
FN:342,_RNvCsgEKwvq5ODqr_9fibonaccis_22calculates_fibonacci_2
FN:293,_RNvCsgEKwvq5ODqr_9fibonaccis_22calculates_fibonacci_4
FN:253,_RNvCsgEKwvq5ODqr_9fibonaccis_22test_run_with_two_args
FN:288,_RNvCsgEKwvq5ODqr_9fibonaccis_23calculates_fibonacci_11
FN:337,_RNvCsgEKwvq5ODqr_9fibonaccis_23calculates_fibonacci_12
FN:210,_RNvCsgEKwvq5ODqr_9fibonaccis_24test_run_with_empty_args
FN:312,_RNvCsgEKwvq5ODqr_9fibonaccis_24test_run_with_zero_input
FN:104,_RNvCsgEKwvq5ODqr_9fibonaccis_25calculates_fibonacci_five
FN:321,_RNvCsgEKwvq5ODqr_9fibonaccis_25test_run_with_large_input
FN:165,_RNvCsgEKwvq5ODqr_9fibonaccis_26runs_fibonacci_zero_cycles
FN:202,_RNvCsgEKwvq5ODqr_9fibonaccis_26test_parse_with_empty_args
FN:109,_RNvCsgEKwvq5ODqr_9fibonaccis_27parses_valid_fibonacci_args
FN:151,_RNvCsgEKwvq5ODqr_9fibonaccis_27runs_fibonacci_single_cycle
FN:190,_RNvCsgEKwvq5ODqr_9fibonaccis_27test_run_with_invalid_input
FN:127,_RNvCsgEKwvq5ODqr_9fibonaccis_28fails_to_parse_invalid_input
FN:139,_RNvCsgEKwvq5ODqr_9fibonaccis_29fails_to_parse_invalid_cycles
FN:158,_RNvCsgEKwvq5ODqr_9fibonaccis_30runs_fibonacci_multiple_cycles
FN:245,_RNvCsgEKwvq5ODqr_9fibonaccis_31calculates_fibonacci_edge_cases
FN:218,_RNvCsgEKwvq5ODqr_9fibonaccis_31test_parse_args_with_single_arg
FN:268,_RNvCsgEKwvq5ODqr_9fibonaccis_31test_parse_args_with_zero_input
FN:182,_RNvCsgEKwvq5ODqr_9fibonaccis_31test_run_with_insufficient_args
FN:119,_RNvCsgEKwvq5ODqr_9fibonaccis_32fails_to_parse_insufficient_args
FN:298,_RNvCsgEKwvq5ODqr_9fibonaccis_32runs_fibonacci_with_large_cycles
FN:261,_RNvCsgEKwvq5ODqr_9fibonaccis_34runs_fibonacci_multiple_iterations
FN:238,_RNvCsgEKwvq5ODqr_9fibonaccis_35runs_fibonacci_with_negative_cycles
FN:305,_RNvCsgEKwvq5ODqr_9fibonaccis_35test_parse_args_with_negative_input
FN:226,_RNvCsgEKwvq5ODqr_9fibonaccis_35test_run_with_invalid_cycles_format
FN:330,_RNvCsgEKwvq5ODqr_9fibonaccis_37runs_fibonacci_with_exactly_one_cycle
FN:278,_RNvCsgEKwvq5ODqr_9fibonaccis_38test_run_success_with_different_values
FN:96,_RNvCsgEKwvq5ODqr_9fibonaccis_40calculates_fibonacci_for_multiple_inputs
FN:46,_RNCNvCsfxkWwR5iRm4_9fibonacci20parse_fibonacci_args0B3_
FN:49,_RNCNvCsfxkWwR5iRm4_9fibonacci20parse_fibonacci_argss_0B3_
FN:30,_RNCNvCsfxkWwR5iRm4_9fibonacci4fibo0B3_
FN:37,_RNvCsfxkWwR5iRm4_9fibonacci20parse_fibonacci_args
FN:53,_RNvCsfxkWwR5iRm4_9fibonacci20run_fibonacci_cycles
FN:63,_RNvCsfxkWwR5iRm4_9fibonacci3run
FN:10,_RNvCsfxkWwR5iRm4_9fibonacci4fibo
FN:72,_RNvCsfxkWwR5iRm4_9fibonacci4main
FNDA:0,_RNvCsgEKwvq5ODqr_9fibonacci4main
FNDA:2,_RNCNvCsgEKwvq5ODqr_9fibonacci20parse_fibonacci_args0B3_
FNDA:2,_RNCNvCsgEKwvq5ODqr_9fibonacci20parse_fibonacci_argss_0B3_
FNDA:0,_RNCNvCsgEKwvq5ODqr_9fibonacci4fibo0B3_
FNDA:17,_RNvCsgEKwvq5ODqr_9fibonacci20parse_fibonacci_args
FNDA:11,_RNvCsgEKwvq5ODqr_9fibonacci20run_fibonacci_cycles
FNDA:9,_RNvCsgEKwvq5ODqr_9fibonacci3run
FNDA:41,_RNvCsgEKwvq5ODqr_9fibonacci4fibo
FNDA:1,_RNvCsgEKwvq5ODqr_9fibonaccis_16test_run_success
FNDA:1,_RNvCsgEKwvq5ODqr_9fibonaccis_20calculates_fibonacci
FNDA:1,_RNvCsgEKwvq5ODqr_9fibonaccis_22calculates_fibonacci_2
FNDA:1,_RNvCsgEKwvq5ODqr_9fibonaccis_22calculates_fibonacci_4
FNDA:1,_RNvCsgEKwvq5ODqr_9fibonaccis_22test_run_with_two_args
FNDA:1,_RNvCsgEKwvq5ODqr_9fibonaccis_23calculates_fibonacci_11
FNDA:1,_RNvCsgEKwvq5ODqr_9fibonaccis_23calculates_fibonacci_12
FNDA:1,_RNvCsgEKwvq5ODqr_9fibonaccis_24test_run_with_empty_args
FNDA:1,_RNvCsgEKwvq5ODqr_9fibonaccis_24test_run_with_zero_input
FNDA:1,_RNvCsgEKwvq5ODqr_9fibonaccis_25calculates_fibonacci_five
FNDA:1,_RNvCsgEKwvq5ODqr_9fibonaccis_25test_run_with_large_input
FNDA:1,_RNvCsgEKwvq5ODqr_9fibonaccis_26runs_fibonacci_zero_cycles
FNDA:1,_RNvCsgEKwvq5ODqr_9fibonaccis_26test_parse_with_empty_args
FNDA:1,_RNvCsgEKwvq5ODqr_9fibonaccis_27parses_valid_fibonacci_args
FNDA:1,_RNvCsgEKwvq5ODqr_9fibonaccis_27runs_fibonacci_single_cycle
FNDA:1,_RNvCsgEKwvq5ODqr_9fibonaccis_27test_run_with_invalid_input
FNDA:1,_RNvCsgEKwvq5ODqr_9fibonaccis_28fails_to_parse_invalid_input
FNDA:1,_RNvCsgEKwvq5ODqr_9fibonaccis_29fails_to_parse_invalid_cycles
FNDA:1,_RNvCsgEKwvq5ODqr_9fibonaccis_30runs_fibonacci_multiple_cycles
FNDA:1,_RNvCsgEKwvq5ODqr_9fibonaccis_31calculates_fibonacci_edge_cases
FNDA:1,_RNvCsgEKwvq5ODqr_9fibonaccis_31test_parse_args_with_single_arg
FNDA:1,_RNvCsgEKwvq5ODqr_9fibonaccis_31test_parse_args_with_zero_input
FNDA:1,_RNvCsgEKwvq5ODqr_9fibonaccis_31test_run_with_insufficient_args
FNDA:1,_RNvCsgEKwvq5ODqr_9fibonaccis_32fails_to_parse_insufficient_args
FNDA:1,_RNvCsgEKwvq5ODqr_9fibonaccis_32runs_fibonacci_with_large_cycles
FNDA:1,_RNvCsgEKwvq5ODqr_9fibonaccis_34runs_fibonacci_multiple_iterations
FNDA:1,_RNvCsgEKwvq5ODqr_9fibonaccis_35runs_fibonacci_with_negative_cycles
FNDA:1,_RNvCsgEKwvq5ODqr_9fibonaccis_35test_parse_args_with_negative_input
FNDA:1,_RNvCsgEKwvq5ODqr_9fibonaccis_35test_run_with_invalid_cycles_format
FNDA:1,_RNvCsgEKwvq5ODqr_9fibonaccis_37runs_fibonacci_with_exactly_one_cycle
FNDA:1,_RNvCsgEKwvq5ODqr_9fibonaccis_38test_run_success_with_different_values
FNDA:1,_RNvCsgEKwvq5ODqr_9fibonaccis_40calculates_fibonacci_for_multiple_inputs
FNDA:1,_RNCNvCsfxkWwR5iRm4_9fibonacci20parse_fibonacci_args0B3_
FNDA:1,_RNCNvCsfxkWwR5iRm4_9fibonacci20parse_fibonacci_argss_0B3_
FNDA:0,_RNCNvCsfxkWwR5iRm4_9fibonacci4fibo0B3_
FNDA:7,_RNvCsfxkWwR5iRm4_9fibonacci20parse_fibonacci_args
FNDA:3,_RNvCsfxkWwR5iRm4_9fibonacci20run_fibonacci_cycles
FNDA:7,_RNvCsfxkWwR5iRm4_9fibonacci3run
FNDA:5,_RNvCsfxkWwR5iRm4_9fibonacci4fibo
FNDA:7,_RNvCsfxkWwR5iRm4_9fibonacci4main
FNF:40
FNH:39
DA:10,46
DA:11,46
DA:12,46
DA:13,46
DA:14,46
DA:15,46
DA:16,46
DA:17,46
DA:18,46
DA:19,46
DA:20,46
DA:21,46
DA:22,46
DA:23,46
DA:24,46
DA:25,46
DA:26,46
DA:27,46
DA:28,46
DA:29,46
DA:30,46
DA:31,46
DA:32,46
DA:33,46
DA:34,46
DA:35,46
DA:37,24
DA:38,24
DA:39,8
DA:40,8
DA:41,8
DA:42,8
DA:43,16
DA:44,16
DA:45,16
DA:46,16
DA:47,13
DA:48,13
DA:49,13
DA:50,10
DA:51,24
DA:53,14
DA:54,14
DA:55,14
DA:56,14
DA:57,32
DA:58,32
DA:60,14
DA:61,14
DA:63,16
DA:64,16
DA:65,7
DA:66,7
DA:67,7
DA:68,7
DA:69,7
DA:70,16
DA:72,7
DA:73,7
DA:74,7
DA:75,7
DA:76,3
DA:77,4
DA:78,4
DA:79,4
DA:82,3
DA:88,1
DA:89,1
DA:90,1
DA:91,1
DA:92,1
DA:93,1
DA:96,1
DA:97,1
DA:98,1
DA:99,1
DA:100,1
DA:101,1
DA:104,1
DA:105,1
DA:106,1
DA:109,1
DA:110,1
DA:111,1
DA:112,1
DA:113,1
DA:114,1
DA:115,1
DA:116,1
DA:119,1
DA:120,1
DA:121,1
DA:122,1
DA:123,1
DA:124,1
DA:127,1
DA:128,1
DA:129,1
DA:130,1
DA:131,1
DA:133,1
DA:134,1
DA:135,1
DA:136,1
DA:139,1
DA:140,1
DA:141,1
DA:142,1
DA:143,1
DA:145,1
DA:146,1
DA:147,1
DA:148,1
DA:151,1
DA:152,1
DA:153,1
DA:154,1
DA:155,1
DA:158,1
DA:159,1
DA:160,1
DA:161,1
DA:162,1
DA:165,1
DA:166,1
DA:167,1
DA:168,1
DA:169,1
DA:172,1
DA:173,1
DA:174,1
DA:175,1
DA:176,1
DA:177,1
DA:178,1
DA:179,1
DA:182,1
DA:183,1
DA:184,1
DA:185,1
DA:186,1
DA:187,1
DA:190,1
DA:191,1
DA:192,1
DA:193,1
DA:194,1
DA:196,1
DA:197,1
DA:198,1
DA:199,1
DA:202,1
DA:203,1
DA:204,1
DA:205,1
DA:206,1
DA:207,1
DA:210,1
DA:211,1
DA:212,1
DA:213,1
DA:214,1
DA:215,1
DA:218,1
DA:219,1
DA:220,1
DA:221,1
DA:222,1
DA:223,1
DA:226,1
DA:227,1
DA:228,1
DA:229,1
DA:230,1
DA:232,1
DA:233,1
DA:234,1
DA:235,1
DA:238,1
DA:239,1
DA:240,1
DA:241,1
DA:242,1
DA:245,1
DA:246,1
DA:247,1
DA:248,1
DA:249,1
DA:250,1
DA:253,1
DA:254,1
DA:255,1
DA:256,1
DA:257,1
DA:258,1
DA:261,1
DA:262,1
DA:263,1
DA:264,1
DA:265,1
DA:268,1
DA:269,1
DA:270,1
DA:271,1
DA:272,1
DA:273,1
DA:274,1
DA:275,1
DA:278,1
DA:279,1
DA:280,1
DA:281,1
DA:282,1
DA:283,1
DA:284,1
DA:285,1
DA:288,1
DA:289,1
DA:290,1
DA:293,1
DA:294,1
DA:295,1
DA:298,1
DA:299,1
DA:300,1
DA:301,1
DA:302,1
DA:305,1
DA:306,1
DA:307,1
DA:308,1
DA:309,1
DA:312,1
DA:313,1
DA:314,1
DA:315,1
DA:316,1
DA:317,1
DA:318,1
DA:321,1
DA:322,1
DA:323,1
DA:324,1
DA:325,1
DA:326,1
DA:327,1
DA:330,1
DA:331,1
DA:332,1
DA:333,1
DA:334,1
DA:337,1
DA:338,1
DA:339,1
DA:342,1
DA:343,1
DA:344,1
BRF:0
BRH:0
LF:260
LH:259
end_of_record
SF:/home/ra/Projects/phie/src/bin/phie.rs
FN:27,_RNvCsgfDGOCSYxEN_4phie4main
FN:27,_RNvCs7TZ3NUJeDJs_4phie4main
FNDA:0,_RNvCsgfDGOCSYxEN_4phie4main
FNDA:0,_RNvCs7TZ3NUJeDJs_4phie4main
FNF:1
FNH:0
DA:27,0
DA:28,0
DA:29,0
DA:30,0
DA:31,0
DA:32,0
DA:33,0
DA:34,0
DA:37,0
BRF:0
BRH:0
LF:9
LH:0
end_of_record
SF:/home/ra/Projects/phie/src/cli.rs
FN:52,_RNCNvNtCsd0xxipD5aIV_4phie3cli10parse_args0B5_
FN:111,_RNCNvNtCsd0xxipD5aIV_4phie3cli12execute_phie0B5_
FN:82,_RNCNvNtCsd0xxipD5aIV_4phie3cli14read_phie_file0B5_
FN:48,_RNvNtCsd0xxipD5aIV_4phie3cli10parse_args
FN:108,_RNvNtCsd0xxipD5aIV_4phie3cli12execute_phie
FN:78,_RNvNtCsd0xxipD5aIV_4phie3cli14read_phie_file
FN:141,_RNvNtCsd0xxipD5aIV_4phie3cli3run
FN:153,_RNvNtNtCsfkq9wuszlPn_4phie3cli5testss_17parses_valid_args
FN:244,_RNvNtNtCsfkq9wuszlPn_4phie3cli5testss_18executes_hex_value
FN:252,_RNvNtNtCsfkq9wuszlPn_4phie3cli5testss_19executes_zero_value
FN:233,_RNvNtNtCsfkq9wuszlPn_4phie3cli5testss_22executes_phi_reference
FN:212,_RNvNtNtCsfkq9wuszlPn_4phie3cli5testss_25executes_addition_program
FN:169,_RNvNtNtCsfkq9wuszlPn_4phie3cli5testss_25fails_to_parse_empty_args
FN:189,_RNvNtNtCsfkq9wuszlPn_4phie3cli5testss_25parse_args_preserves_path
FN:260,_RNvNtNtCsfkq9wuszlPn_4phie3cli5testss_26executes_single_byte_value
FN:204,_RNvNtNtCsfkq9wuszlPn_4phie3cli5testss_28executes_simple_data_program
FN:177,_RNvNtNtCsfkq9wuszlPn_4phie3cli5testss_29parse_args_returns_first_file
FN:197,_RNvNtNtCsfkq9wuszlPn_4phie3cli5testss_30fails_to_read_nonexistent_file
FN:225,_RNvNtNtCsfkq9wuszlPn_4phie3cli5testss_31fails_to_execute_invalid_syntax
FN:161,_RNvNtNtCsfkq9wuszlPn_4phie3cli5testss_32fails_to_parse_insufficient_args
FN:141,_RNvNtCsfkq9wuszlPn_4phie3cli3run
FN:48,_RNvNtCsfkq9wuszlPn_4phie3cli10parse_args
FN:108,_RNvNtCsfkq9wuszlPn_4phie3cli12execute_phie
FN:78,_RNvNtCsfkq9wuszlPn_4phie3cli14read_phie_file
FN:52,_RNCNvNtCsfkq9wuszlPn_4phie3cli10parse_args0B5_
FN:111,_RNCNvNtCsfkq9wuszlPn_4phie3cli12execute_phie0B5_
FN:82,_RNCNvNtCsfkq9wuszlPn_4phie3cli14read_phie_file0B5_
FNDA:1,_RNCNvNtCsd0xxipD5aIV_4phie3cli10parse_args0B5_
FNDA:1,_RNCNvNtCsd0xxipD5aIV_4phie3cli12execute_phie0B5_
FNDA:1,_RNCNvNtCsd0xxipD5aIV_4phie3cli14read_phie_file0B5_
FNDA:13,_RNvNtCsd0xxipD5aIV_4phie3cli10parse_args
FNDA:9,_RNvNtCsd0xxipD5aIV_4phie3cli12execute_phie
FNDA:12,_RNvNtCsd0xxipD5aIV_4phie3cli14read_phie_file
FNDA:11,_RNvNtCsd0xxipD5aIV_4phie3cli3run
FNDA:1,_RNvNtNtCsfkq9wuszlPn_4phie3cli5testss_17parses_valid_args
FNDA:1,_RNvNtNtCsfkq9wuszlPn_4phie3cli5testss_18executes_hex_value
FNDA:1,_RNvNtNtCsfkq9wuszlPn_4phie3cli5testss_19executes_zero_value
FNDA:1,_RNvNtNtCsfkq9wuszlPn_4phie3cli5testss_22executes_phi_reference
FNDA:1,_RNvNtNtCsfkq9wuszlPn_4phie3cli5testss_25executes_addition_program
FNDA:1,_RNvNtNtCsfkq9wuszlPn_4phie3cli5testss_25fails_to_parse_empty_args
FNDA:1,_RNvNtNtCsfkq9wuszlPn_4phie3cli5testss_25parse_args_preserves_path
FNDA:1,_RNvNtNtCsfkq9wuszlPn_4phie3cli5testss_26executes_single_byte_value
FNDA:1,_RNvNtNtCsfkq9wuszlPn_4phie3cli5testss_28executes_simple_data_program
FNDA:1,_RNvNtNtCsfkq9wuszlPn_4phie3cli5testss_29parse_args_returns_first_file
FNDA:1,_RNvNtNtCsfkq9wuszlPn_4phie3cli5testss_30fails_to_read_nonexistent_file
FNDA:1,_RNvNtNtCsfkq9wuszlPn_4phie3cli5testss_31fails_to_execute_invalid_syntax
FNDA:1,_RNvNtNtCsfkq9wuszlPn_4phie3cli5testss_32fails_to_parse_insufficient_args
FNDA:0,_RNvNtCsfkq9wuszlPn_4phie3cli3run
FNDA:5,_RNvNtCsfkq9wuszlPn_4phie3cli10parse_args
FNDA:7,_RNvNtCsfkq9wuszlPn_4phie3cli12execute_phie
FNDA:1,_RNvNtCsfkq9wuszlPn_4phie3cli14read_phie_file
FNDA:1,_RNCNvNtCsfkq9wuszlPn_4phie3cli10parse_args0B5_
FNDA:1,_RNCNvNtCsfkq9wuszlPn_4phie3cli12execute_phie0B5_
FNDA:0,_RNCNvNtCsfkq9wuszlPn_4phie3cli14read_phie_file0B5_
FNF:20
FNH:20
DA:48,18
DA:49,18
DA:50,3
DA:51,3
DA:52,3
DA:54,15
DA:55,15
DA:56,18
DA:78,13
DA:79,13
DA:80,2
DA:81,11
DA:82,11
DA:83,13
DA:108,16
DA:109,16
DA:110,16
DA:111,16
DA:112,14
DA:113,14
DA:114,14
DA:115,16
DA:141,11
DA:142,11
DA:143,10
DA:144,9
DA:145,8
DA:146,11
DA:153,1
DA:154,1
DA:155,1
DA:156,1
DA:157,1
DA:158,1
DA:161,1
DA:162,1
DA:163,1
DA:164,1
DA:165,1
DA:166,1
DA:169,1
DA:170,1
DA:171,1
DA:172,1
DA:173,1
DA:174,1
DA:177,1
DA:178,1
DA:179,1
DA:180,1
DA:181,1
DA:183,1
DA:184,1
DA:185,1
DA:186,1
DA:189,1
DA:190,1
DA:191,1
DA:192,1
DA:193,1
DA:194,1
DA:197,1
DA:198,1
DA:199,1
DA:200,1
DA:201,1
DA:204,1
DA:205,1
DA:206,1
DA:207,1
DA:208,1
DA:209,1
DA:212,1
DA:213,1
DA:214,1
DA:215,1
DA:216,1
DA:217,1
DA:218,1
DA:219,1
DA:220,1
DA:221,1
DA:222,1
DA:225,1
DA:226,1
DA:227,1
DA:228,1
DA:229,1
DA:230,1
DA:233,1
DA:234,1
DA:235,1
DA:236,1
DA:237,1
DA:238,1
DA:239,1
DA:240,1
DA:241,1
DA:244,1
DA:245,1
DA:246,1
DA:247,1
DA:248,1
DA:249,1
DA:252,1
DA:253,1
DA:254,1
DA:255,1
DA:256,1
DA:257,1
DA:260,1
DA:261,1
DA:262,1
DA:263,1
DA:264,1
DA:265,1
BRF:0
BRH:0
LF:119
LH:119
end_of_record
SF:/home/ra/Projects/phie/src/emu.rs
FN:124,_RNvMs0_NtCsd0xxipD5aIV_4phie3emuNtB5_3Emu3opt
FN:129,_RNvMs0_NtCsd0xxipD5aIV_4phie3emuNtB5_3Emu3put
FN:151,_RNvMs0_NtCsd0xxipD5aIV_4phie3emuNtB5_3Emu4read
FN:112,_RNvMs0_NtCsd0xxipD5aIV_4phie3emuNtB5_3Emu5empty
FN:140,_RNvMs0_NtCsd0xxipD5aIV_4phie3emuNtB5_3Emu6inject
FN:41,_RNvXNtCsd0xxipD5aIV_4phie3emuNtB2_3EmuNtNtCs35vC3OypZpH_4core3fmt7Display3fmt
FN:67,_RNvXs_NtCsd0xxipD5aIV_4phie3emuNtB4_3EmuNtNtNtCs35vC3OypZpH_4core3str6traits7FromStr8from_str
FN:55,_RNCNvXNtCsd0xxipD5aIV_4phie3emuNtB4_3EmuNtNtCs35vC3OypZpH_4core3fmt7Display3fmt0B6_
FN:56,_RNCNvXNtCsd0xxipD5aIV_4phie3emuNtB4_3EmuNtNtCs35vC3OypZpH_4core3fmt7Display3fmts_0B6_
FN:70,_RNCNvXs_NtCsd0xxipD5aIV_4phie3emuNtB6_3EmuNtNtNtCs35vC3OypZpH_4core3str6traits7FromStr8from_str0B8_
FN:74,_RNCNvXs_NtCsd0xxipD5aIV_4phie3emuNtB6_3EmuNtNtNtCs35vC3OypZpH_4core3str6traits7FromStr8from_strs0_0B8_
FN:77,_RNCNvXs_NtCsd0xxipD5aIV_4phie3emuNtB6_3EmuNtNtNtCs35vC3OypZpH_4core3str6traits7FromStr8from_strs1_0B8_
FN:81,_RNCNvXs_NtCsd0xxipD5aIV_4phie3emuNtB6_3EmuNtNtNtCs35vC3OypZpH_4core3str6traits7FromStr8from_strs2_0B8_
FN:84,_RNCNvXs_NtCsd0xxipD5aIV_4phie3emuNtB6_3EmuNtNtNtCs35vC3OypZpH_4core3str6traits7FromStr8from_strs3_0B8_
FN:87,_RNCNvXs_NtCsd0xxipD5aIV_4phie3emuNtB6_3EmuNtNtNtCs35vC3OypZpH_4core3str6traits7FromStr8from_strs4_0B8_
FN:71,_RNCNvXs_NtCsd0xxipD5aIV_4phie3emuNtB6_3EmuNtNtNtCs35vC3OypZpH_4core3str6traits7FromStr8from_strs_0B8_
FN:124,_RNvMs0_NtCsfkq9wuszlPn_4phie3emuNtB5_3Emu3opt
FN:129,_RNvMs0_NtCsfkq9wuszlPn_4phie3emuNtB5_3Emu3put
FN:151,_RNvMs0_NtCsfkq9wuszlPn_4phie3emuNtB5_3Emu4read
FN:112,_RNvMs0_NtCsfkq9wuszlPn_4phie3emuNtB5_3Emu5empty
FN:140,_RNvMs0_NtCsfkq9wuszlPn_4phie3emuNtB5_3Emu6inject
FN:41,_RNvXNtCsfkq9wuszlPn_4phie3emuNtB2_3EmuNtNtCs35vC3OypZpH_4core3fmt7Display3fmt
FN:67,_RNvXs_NtCsfkq9wuszlPn_4phie3emuNtB4_3EmuNtNtNtCs35vC3OypZpH_4core3str6traits7FromStr8from_str
FN:55,_RNCNvXNtCsfkq9wuszlPn_4phie3emuNtB4_3EmuNtNtCs35vC3OypZpH_4core3fmt7Display3fmt0B6_
FN:56,_RNCNvXNtCsfkq9wuszlPn_4phie3emuNtB4_3EmuNtNtCs35vC3OypZpH_4core3fmt7Display3fmts_0B6_
FN:70,_RNCNvXs_NtCsfkq9wuszlPn_4phie3emuNtB6_3EmuNtNtNtCs35vC3OypZpH_4core3str6traits7FromStr8from_str0B8_
FN:74,_RNCNvXs_NtCsfkq9wuszlPn_4phie3emuNtB6_3EmuNtNtNtCs35vC3OypZpH_4core3str6traits7FromStr8from_strs0_0B8_
FN:77,_RNCNvXs_NtCsfkq9wuszlPn_4phie3emuNtB6_3EmuNtNtNtCs35vC3OypZpH_4core3str6traits7FromStr8from_strs1_0B8_
FN:81,_RNCNvXs_NtCsfkq9wuszlPn_4phie3emuNtB6_3EmuNtNtNtCs35vC3OypZpH_4core3str6traits7FromStr8from_strs2_0B8_
FN:84,_RNCNvXs_NtCsfkq9wuszlPn_4phie3emuNtB6_3EmuNtNtNtCs35vC3OypZpH_4core3str6traits7FromStr8from_strs3_0B8_
FN:87,_RNCNvXs_NtCsfkq9wuszlPn_4phie3emuNtB6_3EmuNtNtNtCs35vC3OypZpH_4core3str6traits7FromStr8from_strs4_0B8_
FN:71,_RNCNvXs_NtCsfkq9wuszlPn_4phie3emuNtB6_3EmuNtNtNtCs35vC3OypZpH_4core3str6traits7FromStr8from_strs_0B8_
FNDA:253,_RNvMs0_NtCsd0xxipD5aIV_4phie3emuNtB5_3Emu3opt
FNDA:814,_RNvMs0_NtCsd0xxipD5aIV_4phie3emuNtB5_3Emu3put
FNDA:48311,_RNvMs0_NtCsd0xxipD5aIV_4phie3emuNtB5_3Emu4read
FNDA:89,_RNvMs0_NtCsd0xxipD5aIV_4phie3emuNtB5_3Emu5empty
FNDA:0,_RNvMs0_NtCsd0xxipD5aIV_4phie3emuNtB5_3Emu6inject
FNDA:36656,_RNvXNtCsd0xxipD5aIV_4phie3emuNtB2_3EmuNtNtCs35vC3OypZpH_4core3fmt7Display3fmt
FNDA:89,_RNvXs_NtCsd0xxipD5aIV_4phie3emuNtB4_3EmuNtNtNtCs35vC3OypZpH_4core3str6traits7FromStr8from_str
FNDA:60995584,_RNCNvXNtCsd0xxipD5aIV_4phie3emuNtB4_3EmuNtNtCs35vC3OypZpH_4core3fmt7Display3fmt0B6_
FNDA:1122408,_RNCNvXNtCsd0xxipD5aIV_4phie3emuNtB4_3EmuNtNtCs35vC3OypZpH_4core3fmt7Display3fmts_0B6_
FNDA:0,_RNCNvXs_NtCsd0xxipD5aIV_4phie3emuNtB6_3EmuNtNtNtCs35vC3OypZpH_4core3str6traits7FromStr8from_str0B8_
FNDA:2,_RNCNvXs_NtCsd0xxipD5aIV_4phie3emuNtB6_3EmuNtNtNtCs35vC3OypZpH_4core3str6traits7FromStr8from_strs0_0B8_
FNDA:0,_RNCNvXs_NtCsd0xxipD5aIV_4phie3emuNtB6_3EmuNtNtNtCs35vC3OypZpH_4core3str6traits7FromStr8from_strs1_0B8_
FNDA:0,_RNCNvXs_NtCsd0xxipD5aIV_4phie3emuNtB6_3EmuNtNtNtCs35vC3OypZpH_4core3str6traits7FromStr8from_strs2_0B8_
FNDA:0,_RNCNvXs_NtCsd0xxipD5aIV_4phie3emuNtB6_3EmuNtNtNtCs35vC3OypZpH_4core3str6traits7FromStr8from_strs3_0B8_
FNDA:0,_RNCNvXs_NtCsd0xxipD5aIV_4phie3emuNtB6_3EmuNtNtNtCs35vC3OypZpH_4core3str6traits7FromStr8from_strs4_0B8_
FNDA:816,_RNCNvXs_NtCsd0xxipD5aIV_4phie3emuNtB6_3EmuNtNtNtCs35vC3OypZpH_4core3str6traits7FromStr8from_strs_0B8_
FNDA:51,_RNvMs0_NtCsfkq9wuszlPn_4phie3emuNtB5_3Emu3opt
FNDA:171,_RNvMs0_NtCsfkq9wuszlPn_4phie3emuNtB5_3Emu3put
FNDA:944,_RNvMs0_NtCsfkq9wuszlPn_4phie3emuNtB5_3Emu4read
FNDA:36,_RNvMs0_NtCsfkq9wuszlPn_4phie3emuNtB5_3Emu5empty
FNDA:1,_RNvMs0_NtCsfkq9wuszlPn_4phie3emuNtB5_3Emu6inject
FNDA:32,_RNvXNtCsfkq9wuszlPn_4phie3emuNtB2_3EmuNtNtCs35vC3OypZpH_4core3fmt7Display3fmt
FNDA:32,_RNvXs_NtCsfkq9wuszlPn_4phie3emuNtB4_3EmuNtNtNtCs35vC3OypZpH_4core3str6traits7FromStr8from_str
FNDA:21888,_RNCNvXNtCsfkq9wuszlPn_4phie3emuNtB4_3EmuNtNtCs35vC3OypZpH_4core3fmt7Display3fmt0B6_
FNDA:194,_RNCNvXNtCsfkq9wuszlPn_4phie3emuNtB4_3EmuNtNtCs35vC3OypZpH_4core3fmt7Display3fmts_0B6_
FNDA:0,_RNCNvXs_NtCsfkq9wuszlPn_4phie3emuNtB6_3EmuNtNtNtCs35vC3OypZpH_4core3str6traits7FromStr8from_str0B8_
FNDA:2,_RNCNvXs_NtCsfkq9wuszlPn_4phie3emuNtB6_3EmuNtNtNtCs35vC3OypZpH_4core3str6traits7FromStr8from_strs0_0B8_
FNDA:0,_RNCNvXs_NtCsfkq9wuszlPn_4phie3emuNtB6_3EmuNtNtNtCs35vC3OypZpH_4core3str6traits7FromStr8from_strs1_0B8_
FNDA:0,_RNCNvXs_NtCsfkq9wuszlPn_4phie3emuNtB6_3EmuNtNtNtCs35vC3OypZpH_4core3str6traits7FromStr8from_strs2_0B8_
FNDA:0,_RNCNvXs_NtCsfkq9wuszlPn_4phie3emuNtB6_3EmuNtNtNtCs35vC3OypZpH_4core3str6traits7FromStr8from_strs3_0B8_
FNDA:1,_RNCNvXs_NtCsfkq9wuszlPn_4phie3emuNtB6_3EmuNtNtNtCs35vC3OypZpH_4core3str6traits7FromStr8from_strs4_0B8_
FNDA:164,_RNCNvXs_NtCsfkq9wuszlPn_4phie3emuNtB6_3EmuNtNtNtCs35vC3OypZpH_4core3str6traits7FromStr8from_strs_0B8_
FNF:16
FNH:12
DA:41,36688
DA:42,36688
DA:43,587008
DA:44,587008
DA:45,587008
DA:46,110309
DA:47,476699
DA:48,476699
DA:49,476699
DA:52,476699
DA:53,476699
DA:54,476699
DA:55,61017472
DA:56,1122602
DA:57,476699
DA:58,476699
DA:61,36688
DA:62,36688
DA:67,121
DA:68,121
DA:69,121
DA:70,121
DA:71,980
DA:72,980
DA:73,980
DA:74,980
DA:75,976
DA:76,976
DA:77,976
DA:78,976
DA:79,976
DA:80,976
DA:81,976
DA:82,976
DA:83,976
DA:84,976
DA:85,976
DA:86,976
DA:87,976
DA:88,975
DA:90,116
DA:91,121
DA:112,125
DA:113,125
DA:114,125
DA:115,125
DA:116,125
DA:117,125
DA:118,125
DA:119,125
DA:120,125
DA:121,125
DA:122,125
DA:124,304
DA:125,304
DA:126,304
DA:129,985
DA:130,985
DA:131,985
DA:132,0
DA:135,985
DA:136,985
DA:137,985
DA:140,1
DA:141,1
DA:142,1
DA:143,0
DA:146,1
DA:147,1
DA:148,1
DA:151,49255
DA:152,49255
DA:153,0
DA:155,19705
DA:156,19705
DA:157,19705
DA:158,19705
DA:159,19705
DA:161,0
DA:162,29550
DA:164,49255
BRF:0
BRH:0
LF:90
LH:82
end_of_record
SF:/home/ra/Projects/phie/src/emu/dataization.rs
FN:87,_RNvMNtNtCsd0xxipD5aIV_4phie3emu11dataizationNtB4_3Emu4locs
FN:61,_RNvMNtNtCsd0xxipD5aIV_4phie3emu11dataizationNtB4_3Emu5cycle
FN:16,_RNvMNtNtCsd0xxipD5aIV_4phie3emu11dataizationNtB4_3Emu7dataize
FN:76,_RNvMNtNtCsd0xxipD5aIV_4phie3emu11dataizationNtB4_3Emu9cycle_one
FN:62,_RNCNvMNtNtCsd0xxipD5aIV_4phie3emu11dataizationNtB6_3Emu5cycle0B8_
FN:65,_RNCNvMNtNtCsd0xxipD5aIV_4phie3emu11dataizationNtB6_3Emu5cycles0_0B8_
FN:67,_RNCNvMNtNtCsd0xxipD5aIV_4phie3emu11dataizationNtB6_3Emu5cycles1_0B8_
FN:63,_RNCNvMNtNtCsd0xxipD5aIV_4phie3emu11dataizationNtB6_3Emu5cycles_0B8_
FN:23,_RNCNvMNtNtCsd0xxipD5aIV_4phie3emu11dataizationNtB6_3Emu7dataize0B8_
FN:62,_RNCNvMNtNtCsfkq9wuszlPn_4phie3emu11dataizationNtB6_3Emu5cycle0B8_
FN:65,_RNCNvMNtNtCsfkq9wuszlPn_4phie3emu11dataizationNtB6_3Emu5cycles0_0B8_
FN:67,_RNCNvMNtNtCsfkq9wuszlPn_4phie3emu11dataizationNtB6_3Emu5cycles1_0B8_
FN:63,_RNCNvMNtNtCsfkq9wuszlPn_4phie3emu11dataizationNtB6_3Emu5cycles_0B8_
FN:23,_RNCNvMNtNtCsfkq9wuszlPn_4phie3emu11dataizationNtB6_3Emu7dataize0B8_
FN:87,_RNvMNtNtCsfkq9wuszlPn_4phie3emu11dataizationNtB4_3Emu4locs
FN:61,_RNvMNtNtCsfkq9wuszlPn_4phie3emu11dataizationNtB4_3Emu5cycle
FN:16,_RNvMNtNtCsfkq9wuszlPn_4phie3emu11dataizationNtB4_3Emu7dataize
FN:76,_RNvMNtNtCsfkq9wuszlPn_4phie3emu11dataizationNtB4_3Emu9cycle_one
FNDA:1312415,_RNvMNtNtCsd0xxipD5aIV_4phie3emu11dataizationNtB4_3Emu4locs
FNDA:44326,_RNvMNtNtCsd0xxipD5aIV_4phie3emu11dataizationNtB4_3Emu5cycle
FNDA:87,_RNvMNtNtCsd0xxipD5aIV_4phie3emu11dataizationNtB4_3Emu7dataize
FNDA:177304,_RNvMNtNtCsd0xxipD5aIV_4phie3emu11dataizationNtB4_3Emu9cycle_one
FNDA:1312153,_RNCNvMNtNtCsd0xxipD5aIV_4phie3emu11dataizationNtB6_3Emu5cycle0B8_
FNDA:1312153,_RNCNvMNtNtCsd0xxipD5aIV_4phie3emu11dataizationNtB6_3Emu5cycles0_0B8_
FNDA:1312415,_RNCNvMNtNtCsd0xxipD5aIV_4phie3emu11dataizationNtB6_3Emu5cycles1_0B8_
FNDA:1312153,_RNCNvMNtNtCsd0xxipD5aIV_4phie3emu11dataizationNtB6_3Emu5cycles_0B8_
FNDA:5673728,_RNCNvMNtNtCsd0xxipD5aIV_4phie3emu11dataizationNtB6_3Emu7dataize0B8_
FNDA:19943,_RNCNvMNtNtCsfkq9wuszlPn_4phie3emu11dataizationNtB6_3Emu5cycle0B8_
FNDA:14997,_RNCNvMNtNtCsfkq9wuszlPn_4phie3emu11dataizationNtB6_3Emu5cycles0_0B8_
FNDA:20105,_RNCNvMNtNtCsfkq9wuszlPn_4phie3emu11dataizationNtB6_3Emu5cycles1_0B8_
FNDA:19943,_RNCNvMNtNtCsfkq9wuszlPn_4phie3emu11dataizationNtB6_3Emu5cycles_0B8_
FNDA:124288,_RNCNvMNtNtCsfkq9wuszlPn_4phie3emu11dataizationNtB6_3Emu7dataize0B8_
FNDA:20105,_RNvMNtNtCsfkq9wuszlPn_4phie3emu11dataizationNtB4_3Emu4locs
FNDA:971,_RNvMNtNtCsfkq9wuszlPn_4phie3emu11dataizationNtB4_3Emu5cycle
FNDA:32,_RNvMNtNtCsfkq9wuszlPn_4phie3emu11dataizationNtB4_3Emu7dataize
FNDA:3615,_RNvMNtNtCsfkq9wuszlPn_4phie3emu11dataizationNtB4_3Emu9cycle_one
FNF:9
FNH:9
DA:16,119
DA:17,119
DA:18,119
DA:19,119
DA:21,45297
DA:22,45297
DA:23,5798016
DA:24,45297
DA:25,44312
DA:26,36615
DA:27,36615
DA:31,985
DA:32,45297
DA:33,0
DA:34,0
DA:35,0
DA:39,45297
DA:40,45297
DA:41,45297
DA:42,119
DA:43,73
DA:45,73
DA:49,119
DA:50,45178
DA:51,45178
DA:52,45178
DA:53,0
DA:54,0
DA:57,45178
DA:59,119
DA:61,45297
DA:62,1332096
DA:63,1332096
DA:64,45297
DA:65,1327150
DA:66,269
DA:67,1332520
DA:68,3059340
DA:69,3059340
DA:70,3059340
DA:71,3059340
DA:72,3059340
DA:73,1332520
DA:74,45297
DA:76,180919
DA:77,23157632
DA:78,23157632
DA:79,23157632
DA:80,17833770
DA:81,5323862
DA:82,5323862
DA:84,180919
DA:87,1332520
DA:88,1332520
DA:89,3059340
DA:90,3059340
DA:91,3059340
DA:92,1332520
DA:93,1332520
BRF:0
BRH:0
LF:64
LH:59
end_of_record
SF:/home/ra/Projects/phie/src/emu/tests.rs
FN:411,_RNvNtNtCsfkq9wuszlPn_4phie3emu5tests4fibo
FN:419,_RNvNtNtCsfkq9wuszlPn_4phie3emu5tests8fibo_ops
FN:387,_RNvNtNtCsfkq9wuszlPn_4phie3emu5testss_16simple_recursion
FN:159,_RNvNtNtCsfkq9wuszlPn_4phie3emu5testss_17calls_itself_once
FN:427,_RNvNtNtCsfkq9wuszlPn_4phie3emu5testss_19recursive_fibonacci
FN:200,_RNvNtNtCsfkq9wuszlPn_4phie3emu5testss_19reverse_to_abstract
FN:179,_RNvNtNtCsfkq9wuszlPn_4phie3emu5testss_20injects_xi_correctly
FN:49,_RNvNtNtCsfkq9wuszlPn_4phie3emu5testss_20with_many_decorators
FN:40,_RNvNtNtCsfkq9wuszlPn_4phie3emu5testss_21with_simple_decorator
FN:66,_RNvNtNtCsfkq9wuszlPn_4phie3emu5testss_22summarizes_two_numbers
FN:321,_RNvNtNtCsfkq9wuszlPn_4phie3emu5testss_23simulation_of_recursion
FN:116,_RNvNtNtCsfkq9wuszlPn_4phie3emu5testss_24calculates_argument_once
FN:32,_RNvNtNtCsfkq9wuszlPn_4phie3emu5testss_24simple_dataization_cycle
FN:461,_RNvNtNtCsfkq9wuszlPn_4phie3emu5testss_25fails_on_invalid_emu_line
FN:354,_RNvNtNtCsfkq9wuszlPn_4phie3emu5testss_28deep_simulation_of_recursion
FN:224,_RNvNtNtCsfkq9wuszlPn_4phie3emu5testss_28passes_xi_through_two_layers
FN:289,_RNvNtNtCsfkq9wuszlPn_4phie3emu5testss_29passes_xi_through_four_layers
FN:89,_RNvNtNtCsfkq9wuszlPn_4phie3emu5testss_29preserves_calculation_results
FN:254,_RNvNtNtCsfkq9wuszlPn_4phie3emu5testss_30passes_xi_through_three_layers
FN:469,_RNvNtNtCsfkq9wuszlPn_4phie3emu5testss_31fails_on_invalid_object_in_line
FN:141,_RNvNtNtCsfkq9wuszlPn_4phie3emu5testss_31summarizes_two_pairs_of_numbers
FN:406,_RNCNvNtNtCsfkq9wuszlPn_4phie3emu5testss_16simple_recursion0B7_
FNDA:41,_RNvNtNtCsfkq9wuszlPn_4phie3emu5tests4fibo
FNDA:41,_RNvNtNtCsfkq9wuszlPn_4phie3emu5tests8fibo_ops
FNDA:1,_RNvNtNtCsfkq9wuszlPn_4phie3emu5testss_16simple_recursion
FNDA:1,_RNvNtNtCsfkq9wuszlPn_4phie3emu5testss_17calls_itself_once
FNDA:1,_RNvNtNtCsfkq9wuszlPn_4phie3emu5testss_19recursive_fibonacci
FNDA:1,_RNvNtNtCsfkq9wuszlPn_4phie3emu5testss_19reverse_to_abstract
FNDA:1,_RNvNtNtCsfkq9wuszlPn_4phie3emu5testss_20injects_xi_correctly
FNDA:1,_RNvNtNtCsfkq9wuszlPn_4phie3emu5testss_20with_many_decorators
FNDA:1,_RNvNtNtCsfkq9wuszlPn_4phie3emu5testss_21with_simple_decorator
FNDA:1,_RNvNtNtCsfkq9wuszlPn_4phie3emu5testss_22summarizes_two_numbers
FNDA:1,_RNvNtNtCsfkq9wuszlPn_4phie3emu5testss_23simulation_of_recursion
FNDA:1,_RNvNtNtCsfkq9wuszlPn_4phie3emu5testss_24calculates_argument_once
FNDA:1,_RNvNtNtCsfkq9wuszlPn_4phie3emu5testss_24simple_dataization_cycle
FNDA:1,_RNvNtNtCsfkq9wuszlPn_4phie3emu5testss_25fails_on_invalid_emu_line
FNDA:1,_RNvNtNtCsfkq9wuszlPn_4phie3emu5testss_28deep_simulation_of_recursion
FNDA:1,_RNvNtNtCsfkq9wuszlPn_4phie3emu5testss_28passes_xi_through_two_layers
FNDA:1,_RNvNtNtCsfkq9wuszlPn_4phie3emu5testss_29passes_xi_through_four_layers
FNDA:1,_RNvNtNtCsfkq9wuszlPn_4phie3emu5testss_29preserves_calculation_results
FNDA:1,_RNvNtNtCsfkq9wuszlPn_4phie3emu5testss_30passes_xi_through_three_layers
FNDA:1,_RNvNtNtCsfkq9wuszlPn_4phie3emu5testss_31fails_on_invalid_object_in_line
FNDA:1,_RNvNtNtCsfkq9wuszlPn_4phie3emu5testss_31summarizes_two_pairs_of_numbers
FNDA:128,_RNCNvNtNtCsfkq9wuszlPn_4phie3emu5testss_16simple_recursion0B7_
FNF:22
FNH:22
DA:32,1
DA:33,1
DA:34,1
DA:35,1
DA:36,1
DA:37,1
DA:40,1
DA:41,1
DA:42,1
DA:43,1
DA:44,1
DA:45,1
DA:46,1
DA:49,1
DA:50,1
DA:51,1
DA:52,1
DA:53,1
DA:54,1
DA:55,1
DA:56,1
DA:57,1
DA:66,1
DA:67,1
DA:69,1
DA:70,1
DA:71,1
DA:72,1
DA:73,1
DA:74,1
DA:75,1
DA:77,1
DA:89,1
DA:90,1
DA:91,1
DA:92,1
DA:93,1
DA:94,1
DA:95,1
DA:96,1
DA:97,1
DA:98,1
DA:100,1
DA:101,1
DA:102,1
DA:103,1
DA:104,1
DA:116,1
DA:117,1
DA:118,1
DA:119,1
DA:120,1
DA:121,1
DA:122,1
DA:123,1
DA:124,1
DA:125,1
DA:127,1
DA:128,1
DA:129,1
DA:130,1
DA:131,1
DA:141,1
DA:142,1
DA:144,1
DA:145,1
DA:146,1
DA:147,1
DA:148,1
DA:149,1
DA:150,1
DA:152,1
DA:159,1
DA:160,1
DA:162,1
DA:163,1
DA:164,1
DA:165,1
DA:166,1
DA:167,1
DA:168,1
DA:170,1
DA:179,1
DA:180,1
DA:182,1
DA:183,1
DA:184,1
DA:185,1
DA:186,1
DA:187,1
DA:188,1
DA:189,1
DA:191,1
DA:200,1
DA:201,1
DA:203,1
DA:204,1
DA:205,1
DA:206,1
DA:207,1
DA:208,1
DA:209,1
DA:211,1
DA:224,1
DA:225,1
DA:227,1
DA:228,1
DA:229,1
DA:230,1
DA:231,1
DA:232,1
DA:233,1
DA:234,1
DA:235,1
DA:236,1
DA:238,1
DA:254,1
DA:255,1
DA:257,1
DA:258,1
DA:259,1
DA:260,1
DA:261,1
DA:262,1
DA:263,1
DA:264,1
DA:265,1
DA:266,1
DA:267,1
DA:268,1
DA:270,1
DA:289,1
DA:290,1
DA:292,1
DA:293,1
DA:294,1
DA:295,1
DA:296,1
DA:297,1
DA:298,1
DA:299,1
DA:300,1
DA:301,1
DA:302,1
DA:303,1
DA:304,1
DA:305,1
DA:307,1
DA:321,1
DA:322,1
DA:324,1
DA:325,1
DA:326,1
DA:327,1
DA:328,1
DA:329,1
DA:330,1
DA:331,1
DA:332,1
DA:333,1
DA:334,1
DA:336,1
DA:354,1
DA:355,1
DA:357,1
DA:358,1
DA:359,1
DA:360,1
DA:361,1
DA:362,1
DA:363,1
DA:364,1
DA:365,1
DA:366,1
DA:367,1
DA:368,1
DA:369,1
DA:370,1
DA:372,1
DA:387,1
DA:388,1
DA:389,1
DA:390,1
DA:391,1
DA:392,1
DA:393,1
DA:394,1
DA:395,1
DA:396,1
DA:397,1
DA:398,1
DA:399,1
DA:400,1
DA:401,1
DA:403,1
DA:404,1
DA:405,1
DA:406,128
DA:407,1
DA:408,1
DA:411,41
DA:412,41
DA:413,21
DA:414,20
DA:415,20
DA:416,41
DA:419,41
DA:420,41
DA:421,21
DA:422,20
DA:423,20
DA:424,41
DA:427,1
DA:428,1
DA:429,1
DA:430,1
DA:431,1
DA:432,1
DA:433,1
DA:434,1
DA:435,1
DA:436,1
DA:437,1
DA:438,1
DA:439,1
DA:440,1
DA:441,1
DA:442,1
DA:443,1
DA:444,1
DA:445,1
DA:446,1
DA:447,1
DA:448,1
DA:450,1
DA:451,1
DA:452,1
DA:453,1
DA:454,1
DA:455,1
DA:456,0
DA:458,1
DA:461,1
DA:462,1
DA:463,1
DA:464,1
DA:465,1
DA:466,1
DA:469,1
DA:470,1
DA:471,1
DA:472,1
DA:473,1
DA:474,1
BRF:0
BRH:0
LF:255
LH:254
end_of_record
SF:/home/ra/Projects/phie/src/emu/tests_transitions.rs
FN:17,_RNvNtNtCsfkq9wuszlPn_4phie3emu17tests_transitionss_18deletes_one_basket
FNDA:1,_RNvNtNtCsfkq9wuszlPn_4phie3emu17tests_transitionss_18deletes_one_basket
FNF:1
FNH:1
DA:17,1
DA:18,1
DA:19,1
DA:20,1
DA:21,1
DA:22,1
DA:23,1
DA:24,1
BRF:0
BRH:0
LF:8
LH:8
end_of_record
SF:/home/ra/Projects/phie/src/emu/transitions.rs
FN:153,_RNvMNtNtCsd0xxipD5aIV_4phie3emu11transitionsNtB4_3Emu3new
FN:21,_RNvMNtNtCsd0xxipD5aIV_4phie3emu11transitionsNtB4_3Emu4copy
FN:123,_RNvMNtNtCsd0xxipD5aIV_4phie3emu11transitionsNtB4_3Emu4find
FN:296,_RNvMNtNtCsd0xxipD5aIV_4phie3emu11transitionsNtB4_3Emu6basket
FN:62,_RNvMNtNtCsd0xxipD5aIV_4phie3emu11transitionsNtB4_3Emu6delete
FN:292,_RNvMNtNtCsd0xxipD5aIV_4phie3emu11transitionsNtB4_3Emu6object
FN:187,_RNvMNtNtCsd0xxipD5aIV_4phie3emu11transitionsNtB4_3Emu6search
FN:273,_RNvMNtNtCsd0xxipD5aIV_4phie3emu11transitionsNtB4_3Emu7stashed
FN:103,_RNvMNtNtCsd0xxipD5aIV_4phie3emu11transitionsNtB4_3Emu8delegate
FN:35,_RNvMNtNtCsd0xxipD5aIV_4phie3emu11transitionsNtB4_3Emu9propagate
FN:163,_RNCNvMNtNtCsd0xxipD5aIV_4phie3emu11transitionsNtB6_3Emu3new0B8_
FN:164,_RNCNvMNtNtCsd0xxipD5aIV_4phie3emu11transitionsNtB6_3Emu3news_0B8_
FN:130,_RNCNvMNtNtCsd0xxipD5aIV_4phie3emu11transitionsNtB6_3Emu4find0B8_
FN:274,_RNCNvMNtNtCsd0xxipD5aIV_4phie3emu11transitionsNtB6_3Emu7stashed0B8_
FN:106,_RNCNvMNtNtCsd0xxipD5aIV_4phie3emu11transitionsNtB6_3Emu8delegate0B8_
FN:153,_RNvMNtNtCsfkq9wuszlPn_4phie3emu11transitionsNtB4_3Emu3new
FN:21,_RNvMNtNtCsfkq9wuszlPn_4phie3emu11transitionsNtB4_3Emu4copy
FN:123,_RNvMNtNtCsfkq9wuszlPn_4phie3emu11transitionsNtB4_3Emu4find
FN:296,_RNvMNtNtCsfkq9wuszlPn_4phie3emu11transitionsNtB4_3Emu6basket
FN:62,_RNvMNtNtCsfkq9wuszlPn_4phie3emu11transitionsNtB4_3Emu6delete
FN:292,_RNvMNtNtCsfkq9wuszlPn_4phie3emu11transitionsNtB4_3Emu6object
FN:187,_RNvMNtNtCsfkq9wuszlPn_4phie3emu11transitionsNtB4_3Emu6search
FN:273,_RNvMNtNtCsfkq9wuszlPn_4phie3emu11transitionsNtB4_3Emu7stashed
FN:103,_RNvMNtNtCsfkq9wuszlPn_4phie3emu11transitionsNtB4_3Emu8delegate
FN:35,_RNvMNtNtCsfkq9wuszlPn_4phie3emu11transitionsNtB4_3Emu9propagate
FN:163,_RNCNvMNtNtCsfkq9wuszlPn_4phie3emu11transitionsNtB6_3Emu3new0B8_
FN:164,_RNCNvMNtNtCsfkq9wuszlPn_4phie3emu11transitionsNtB6_3Emu3news_0B8_
FN:130,_RNCNvMNtNtCsfkq9wuszlPn_4phie3emu11transitionsNtB6_3Emu4find0B8_
FN:274,_RNCNvMNtNtCsfkq9wuszlPn_4phie3emu11transitionsNtB6_3Emu7stashed0B8_
FN:106,_RNCNvMNtNtCsfkq9wuszlPn_4phie3emu11transitionsNtB6_3Emu8delegate0B8_
FNDA:3014563,_RNvMNtNtCsd0xxipD5aIV_4phie3emu11transitionsNtB4_3Emu3new
FNDA:1312153,_RNvMNtNtCsd0xxipD5aIV_4phie3emu11transitionsNtB4_3Emu4copy
FNDA:3014563,_RNvMNtNtCsd0xxipD5aIV_4phie3emu11transitionsNtB4_3Emu4find
FNDA:180798795,_RNvMNtNtCsd0xxipD5aIV_4phie3emu11transitionsNtB4_3Emu6basket
FNDA:1312153,_RNvMNtNtCsd0xxipD5aIV_4phie3emu11transitionsNtB4_3Emu6delete
FNDA:2534833,_RNvMNtNtCsd0xxipD5aIV_4phie3emu11transitionsNtB4_3Emu6object
FNDA:24948,_RNvMNtNtCsd0xxipD5aIV_4phie3emu11transitionsNtB4_3Emu6search
FNDA:22232,_RNvMNtNtCsd0xxipD5aIV_4phie3emu11transitionsNtB4_3Emu7stashed
FNDA:1312153,_RNvMNtNtCsd0xxipD5aIV_4phie3emu11transitionsNtB4_3Emu8delegate
FNDA:3014563,_RNvMNtNtCsd0xxipD5aIV_4phie3emu11transitionsNtB4_3Emu9propagate
FNDA:433935,_RNCNvMNtNtCsd0xxipD5aIV_4phie3emu11transitionsNtB6_3Emu3new0B8_
FNDA:0,_RNCNvMNtNtCsd0xxipD5aIV_4phie3emu11transitionsNtB6_3Emu3news_0B8_
FNDA:0,_RNCNvMNtNtCsd0xxipD5aIV_4phie3emu11transitionsNtB6_3Emu4find0B8_
FNDA:2035070,_RNCNvMNtNtCsd0xxipD5aIV_4phie3emu11transitionsNtB6_3Emu7stashed0B8_
FNDA:1245808,_RNCNvMNtNtCsd0xxipD5aIV_4phie3emu11transitionsNtB6_3Emu8delegate0B8_
FNDA:44777,_RNvMNtNtCsfkq9wuszlPn_4phie3emu11transitionsNtB4_3Emu3new
FNDA:19943,_RNvMNtNtCsfkq9wuszlPn_4phie3emu11transitionsNtB4_3Emu4copy
FNDA:44777,_RNvMNtNtCsfkq9wuszlPn_4phie3emu11transitionsNtB4_3Emu4find
FNDA:3105961,_RNvMNtNtCsfkq9wuszlPn_4phie3emu11transitionsNtB4_3Emu6basket
FNDA:14998,_RNvMNtNtCsfkq9wuszlPn_4phie3emu11transitionsNtB4_3Emu6delete
FNDA:31062,_RNvMNtNtCsfkq9wuszlPn_4phie3emu11transitionsNtB4_3Emu6object
FNDA:567,_RNvMNtNtCsfkq9wuszlPn_4phie3emu11transitionsNtB4_3Emu6search
FNDA:519,_RNvMNtNtCsfkq9wuszlPn_4phie3emu11transitionsNtB4_3Emu7stashed
FNDA:19943,_RNvMNtNtCsfkq9wuszlPn_4phie3emu11transitionsNtB4_3Emu8delegate
FNDA:44777,_RNvMNtNtCsfkq9wuszlPn_4phie3emu11transitionsNtB4_3Emu9propagate
FNDA:6623,_RNCNvMNtNtCsfkq9wuszlPn_4phie3emu11transitionsNtB6_3Emu3new0B8_
FNDA:0,_RNCNvMNtNtCsfkq9wuszlPn_4phie3emu11transitionsNtB6_3Emu3news_0B8_
FNDA:0,_RNCNvMNtNtCsfkq9wuszlPn_4phie3emu11transitionsNtB6_3Emu4find0B8_
FNDA:51560,_RNCNvMNtNtCsfkq9wuszlPn_4phie3emu11transitionsNtB6_3Emu7stashed0B8_
FNDA:15195,_RNCNvMNtNtCsfkq9wuszlPn_4phie3emu11transitionsNtB6_3Emu8delegate0B8_
FNF:15
FNH:13
DA:21,1332096
DA:22,1332096
DA:23,1332096
DA:24,565834
DA:25,565834
DA:26,242
DA:27,242
DA:28,242
DA:29,565592
DA:30,766262
DA:31,1332096
DA:32,1332096
DA:35,3059340
DA:36,3059340
DA:37,3059340
DA:38,102378624
DA:39,102378624
DA:40,102378624
DA:41,76753862
DA:42,25624762
DA:43,59186642
DA:44,59186642
DA:45,22674128
DA:46,663739
DA:47,28369
DA:48,28369
DA:49,59158273
DA:50,59186642
DA:53,2259507
DA:54,3059340
DA:55,28369
DA:56,28369
DA:57,28369
DA:58,3059340
DA:59,3059340
DA:62,1327151
DA:63,1327151
DA:64,45028
DA:65,1282123
DA:66,1282123
DA:67,1282123
DA:68,1282123
DA:69,133261
DA:70,1148862
DA:71,1148862
DA:72,1625700
DA:73,1625700
DA:74,1118041
DA:75,1118041
DA:76,507659
DA:77,507659
DA:78,43142400
DA:79,43142400
DA:80,43142400
DA:81,32297782
DA:82,10844618
DA:83,10844618
DA:84,25053588
DA:85,25053588
DA:86,9526611
DA:88,301649
DA:89,24751939
DA:92,170609
DA:94,1148862
DA:95,15370
DA:96,15370
DA:97,15370
DA:98,1133492
DA:99,1148862
DA:100,1327151
DA:103,1332096
DA:104,1332096
DA:105,1332096
DA:106,1261003
DA:108,29671
DA:109,29671
DA:110,29565
DA:111,29565
DA:112,29565
DA:113,9860
DA:114,9860
DA:115,9860
DA:116,19705
DA:117,106
DA:118,1302425
DA:119,1332096
DA:120,1332096
DA:123,3059340
DA:124,3059340
DA:125,591230
DA:126,591230
DA:127,591230
DA:128,25515
DA:129,25515
DA:130,25515
DA:131,25515
DA:132,25515
DA:133,5618
DA:134,5618
DA:135,2854
DA:136,2854
DA:137,2854
DA:138,2854
DA:139,2764
DA:140,2764
DA:141,2764
DA:142,19897
DA:143,19897
DA:144,19897
DA:145,25515
DA:146,565715
DA:147,2468110
DA:148,3059340
DA:149,3059340
DA:153,3059340
DA:154,3059340
DA:155,22751
DA:156,22751
DA:157,6958
DA:158,6958
DA:160,15793
DA:161,15793
DA:162,15793
DA:163,440558
DA:164,15793
DA:165,0
DA:168,15793
DA:169,31093
DA:170,31093
DA:171,31093
DA:172,15793
DA:173,15793
DA:174,15793
DA:175,15793
DA:177,22751
DA:178,22751
DA:179,3036589
DA:180,3059340
DA:181,3059340
DA:187,25515
DA:188,25515
DA:189,25515
DA:190,25515
DA:191,25515
DA:192,25515
DA:193,25515
DA:194,25515
DA:195,25515
DA:196,65063
DA:197,25515
DA:198,39548
DA:199,39548
DA:200,39548
DA:201,39548
DA:202,0
DA:204,8402
DA:205,0
DA:206,8402
DA:207,8402
DA:208,8402
DA:209,8402
DA:210,8402
DA:211,8402
DA:213,25516
DA:214,5630
DA:215,1
DA:217,0
DA:218,0
DA:219,0
DA:220,0
DA:221,0
DA:222,0
DA:224,1
DA:225,1
DA:226,1
DA:227,1
DA:228,1
DA:229,1
DA:230,1
DA:233,5629
DA:234,5629
DA:235,5629
DA:236,5629
DA:237,5629
DA:238,5629
DA:242,39548
DA:243,39548
DA:245,25515
DA:246,25515
DA:248,0
DA:249,0
DA:250,0
DA:251,0
DA:252,25515
DA:253,25515
DA:254,25515
DA:255,21176
DA:257,21176
DA:261,21176
DA:262,21176
DA:263,4677
DA:265,16499
DA:268,0
DA:269,25515
DA:270,25515
DA:273,22751
DA:274,2086630
DA:275,2086630
DA:276,2036532
DA:277,50098
DA:278,50098
DA:279,50098
DA:280,6958
DA:281,43140
DA:282,43140
DA:283,43140
DA:284,0
DA:285,0
DA:286,2086630
DA:287,6958
DA:288,15793
DA:289,15793
DA:290,22751
DA:292,2565895
DA:293,2565895
DA:294,2565895
DA:296,183904756
DA:297,183904756
DA:298,183904756
BRF:0
BRH:0
LF:234
LH:216
end_of_record
SF:/home/ra/Projects/phie/src/loc.rs
FN:26,_RNCNvXNtCsd0xxipD5aIV_4phie3locNtB4_3LocNtNtNtCs35vC3OypZpH_4core3str6traits7FromStr8from_str0B6_
FN:33,_RNCNvXNtCsd0xxipD5aIV_4phie3locNtB4_3LocNtNtNtCs35vC3OypZpH_4core3str6traits7FromStr8from_strs0_0B6_
FN:37,_RNCNvXNtCsd0xxipD5aIV_4phie3locNtB4_3LocNtNtNtCs35vC3OypZpH_4core3str6traits7FromStr8from_strs1_0B6_
FN:42,_RNCNvXNtCsd0xxipD5aIV_4phie3locNtB4_3LocNtNtNtCs35vC3OypZpH_4core3str6traits7FromStr8from_strs2_0B6_
FN:46,_RNCNvXNtCsd0xxipD5aIV_4phie3locNtB4_3LocNtNtNtCs35vC3OypZpH_4core3str6traits7FromStr8from_strs3_0B6_
FN:28,_RNCNvXNtCsd0xxipD5aIV_4phie3locNtB4_3LocNtNtNtCs35vC3OypZpH_4core3str6traits7FromStr8from_strs_0B6_
FN:24,_RNvXNtCsd0xxipD5aIV_4phie3locNtB2_3LocNtNtNtCs35vC3OypZpH_4core3str6traits7FromStr8from_str
FN:63,_RNvXs_NtCsd0xxipD5aIV_4phie3locNtB4_3LocNtNtCs35vC3OypZpH_4core3fmt7Display3fmt
FN:97,_RNvNtCsfkq9wuszlPn_4phie3locs_20fails_on_unknown_loc
FN:113,_RNvNtCsfkq9wuszlPn_4phie3locs_27fails_on_invalid_obj_number
FN:105,_RNvNtCsfkq9wuszlPn_4phie3locs_28fails_on_invalid_attr_number
FN:24,_RNvXNtCsfkq9wuszlPn_4phie3locNtB2_3LocNtNtNtCs35vC3OypZpH_4core3str6traits7FromStr8from_str
FN:63,_RNvXs_NtCsfkq9wuszlPn_4phie3locNtB4_3LocNtNtCs35vC3OypZpH_4core3fmt7Display3fmt
FN:26,_RNCNvXNtCsfkq9wuszlPn_4phie3locNtB4_3LocNtNtNtCs35vC3OypZpH_4core3str6traits7FromStr8from_str0B6_
FN:33,_RNCNvXNtCsfkq9wuszlPn_4phie3locNtB4_3LocNtNtNtCs35vC3OypZpH_4core3str6traits7FromStr8from_strs0_0B6_
FN:37,_RNCNvXNtCsfkq9wuszlPn_4phie3locNtB4_3LocNtNtNtCs35vC3OypZpH_4core3str6traits7FromStr8from_strs1_0B6_
FN:42,_RNCNvXNtCsfkq9wuszlPn_4phie3locNtB4_3LocNtNtNtCs35vC3OypZpH_4core3str6traits7FromStr8from_strs2_0B6_
FN:46,_RNCNvXNtCsfkq9wuszlPn_4phie3locNtB4_3LocNtNtNtCs35vC3OypZpH_4core3str6traits7FromStr8from_strs3_0B6_
FN:28,_RNCNvXNtCsfkq9wuszlPn_4phie3locNtB4_3LocNtNtNtCs35vC3OypZpH_4core3str6traits7FromStr8from_strs_0B6_
FNDA:0,_RNCNvXNtCsd0xxipD5aIV_4phie3locNtB4_3LocNtNtNtCs35vC3OypZpH_4core3str6traits7FromStr8from_str0B6_
FNDA:0,_RNCNvXNtCsd0xxipD5aIV_4phie3locNtB4_3LocNtNtNtCs35vC3OypZpH_4core3str6traits7FromStr8from_strs0_0B6_
FNDA:0,_RNCNvXNtCsd0xxipD5aIV_4phie3locNtB4_3LocNtNtNtCs35vC3OypZpH_4core3str6traits7FromStr8from_strs1_0B6_
FNDA:0,_RNCNvXNtCsd0xxipD5aIV_4phie3locNtB4_3LocNtNtNtCs35vC3OypZpH_4core3str6traits7FromStr8from_strs2_0B6_
FNDA:0,_RNCNvXNtCsd0xxipD5aIV_4phie3locNtB4_3LocNtNtNtCs35vC3OypZpH_4core3str6traits7FromStr8from_strs3_0B6_
FNDA:0,_RNCNvXNtCsd0xxipD5aIV_4phie3locNtB4_3LocNtNtNtCs35vC3OypZpH_4core3str6traits7FromStr8from_strs_0B6_
FNDA:2570,_RNvXNtCsd0xxipD5aIV_4phie3locNtB2_3LocNtNtNtCs35vC3OypZpH_4core3str6traits7FromStr8from_str
FNDA:5257005,_RNvXs_NtCsd0xxipD5aIV_4phie3locNtB4_3LocNtNtCs35vC3OypZpH_4core3fmt7Display3fmt
FNDA:1,_RNvNtCsfkq9wuszlPn_4phie3locs_20fails_on_unknown_loc
FNDA:1,_RNvNtCsfkq9wuszlPn_4phie3locs_27fails_on_invalid_obj_number
FNDA:1,_RNvNtCsfkq9wuszlPn_4phie3locs_28fails_on_invalid_attr_number
FNDA:629,_RNvXNtCsfkq9wuszlPn_4phie3locNtB2_3LocNtNtNtCs35vC3OypZpH_4core3str6traits7FromStr8from_str
FNDA:3674,_RNvXs_NtCsfkq9wuszlPn_4phie3locNtB4_3LocNtNtCs35vC3OypZpH_4core3fmt7Display3fmt
FNDA:0,_RNCNvXNtCsfkq9wuszlPn_4phie3locNtB4_3LocNtNtNtCs35vC3OypZpH_4core3str6traits7FromStr8from_str0B6_
FNDA:0,_RNCNvXNtCsfkq9wuszlPn_4phie3locNtB4_3LocNtNtNtCs35vC3OypZpH_4core3str6traits7FromStr8from_strs0_0B6_
FNDA:1,_RNCNvXNtCsfkq9wuszlPn_4phie3locNtB4_3LocNtNtNtCs35vC3OypZpH_4core3str6traits7FromStr8from_strs1_0B6_
FNDA:0,_RNCNvXNtCsfkq9wuszlPn_4phie3locNtB4_3LocNtNtNtCs35vC3OypZpH_4core3str6traits7FromStr8from_strs2_0B6_
FNDA:1,_RNCNvXNtCsfkq9wuszlPn_4phie3locNtB4_3LocNtNtNtCs35vC3OypZpH_4core3str6traits7FromStr8from_strs3_0B6_
FNDA:0,_RNCNvXNtCsfkq9wuszlPn_4phie3locNtB4_3LocNtNtNtCs35vC3OypZpH_4core3str6traits7FromStr8from_strs_0B6_
FNF:11
FNH:7
DA:24,3199
DA:25,3199
DA:26,3199
DA:27,3199
DA:28,3199
DA:30,3199
DA:31,852
DA:32,852
DA:33,852
DA:34,852
DA:35,852
DA:36,852
DA:37,852
DA:38,851
DA:39,2347
DA:40,1156
DA:41,1156
DA:42,1156
DA:43,1156
DA:44,1156
DA:45,1156
DA:46,1156
DA:47,1155
DA:49,1191
DA:50,1191
DA:51,1180
DA:52,1172
DA:53,819
DA:54,437
DA:55,27
DA:56,13
DA:59,3199
DA:63,5260679
DA:64,5260679
DA:65,9
DA:66,699155
DA:67,6
DA:68,2280501
DA:69,198747
DA:70,7
DA:71,1447948
DA:72,634306
DA:74,5260679
DA:97,1
DA:98,1
DA:99,1
DA:100,1
DA:101,1
DA:102,1
DA:105,1
DA:106,1
DA:107,1
DA:108,1
DA:109,1
DA:110,1
DA:113,1
DA:114,1
DA:115,1
DA:116,1
DA:117,1
DA:118,1
BRF:0
BRH:0
LF:67
LH:63
end_of_record
SF:/home/ra/Projects/phie/src/locator.rs
FN:56,_RNvMNtCsd0xxipD5aIV_4phie7locatorNtB2_7Locator3loc
FN:61,_RNvMNtCsd0xxipD5aIV_4phie7locatorNtB2_7Locator6to_vec
FN:51,_RNvMNtCsd0xxipD5aIV_4phie7locatorNtB2_7Locator8from_loc
FN:40,_RNvMNtCsd0xxipD5aIV_4phie7locatorNtB2_7Locator8from_vec
FN:115,_RNvXs0_NtCsd0xxipD5aIV_4phie7locatorNtB5_7LocatorNtNtCs35vC3OypZpH_4core3fmt7Display3fmt
FN:70,_RNvXs_NtCsd0xxipD5aIV_4phie7locatorNtB4_7LocatorNtNtNtCs35vC3OypZpH_4core3str6traits7FromStr8from_str
FN:78,_RNCNCNvXs_NtCsd0xxipD5aIV_4phie7locatorNtB8_7LocatorNtNtNtCs35vC3OypZpH_4core3str6traits7FromStr8from_str00Ba_
FN:79,_RNCNCNvXs_NtCsd0xxipD5aIV_4phie7locatorNtB8_7LocatorNtNtNtCs35vC3OypZpH_4core3str6traits7FromStr8from_str0s_0Ba_
FN:90,_RNCNCNvXs_NtCsd0xxipD5aIV_4phie7locatorNtB8_7LocatorNtNtNtCs35vC3OypZpH_4core3str6traits7FromStr8from_strs0_00Ba_
FN:91,_RNCNCNvXs_NtCsd0xxipD5aIV_4phie7locatorNtB8_7LocatorNtNtNtCs35vC3OypZpH_4core3str6traits7FromStr8from_strs0_0s_0Ba_
FN:84,_RNCNCNvXs_NtCsd0xxipD5aIV_4phie7locatorNtB8_7LocatorNtNtNtCs35vC3OypZpH_4core3str6traits7FromStr8from_strs_00Ba_
FN:85,_RNCNCNvXs_NtCsd0xxipD5aIV_4phie7locatorNtB8_7LocatorNtNtNtCs35vC3OypZpH_4core3str6traits7FromStr8from_strs_0s_0Ba_
FN:120,_RNCNvXs0_NtCsd0xxipD5aIV_4phie7locatorNtB7_7LocatorNtNtCs35vC3OypZpH_4core3fmt7Display3fmt0B9_
FN:75,_RNCNvXs_NtCsd0xxipD5aIV_4phie7locatorNtB6_7LocatorNtNtNtCs35vC3OypZpH_4core3str6traits7FromStr8from_str0B8_
FN:87,_RNCNvXs_NtCsd0xxipD5aIV_4phie7locatorNtB6_7LocatorNtNtNtCs35vC3OypZpH_4core3str6traits7FromStr8from_strs0_0B8_
FN:93,_RNCNvXs_NtCsd0xxipD5aIV_4phie7locatorNtB6_7LocatorNtNtNtCs35vC3OypZpH_4core3str6traits7FromStr8from_strs1_0B8_
FN:81,_RNCNvXs_NtCsd0xxipD5aIV_4phie7locatorNtB6_7LocatorNtNtNtCs35vC3OypZpH_4core3str6traits7FromStr8from_strs_0B8_
FN:78,_RNCNCNvXs_NtCsfkq9wuszlPn_4phie7locatorNtB8_7LocatorNtNtNtCs35vC3OypZpH_4core3str6traits7FromStr8from_str00Ba_
FN:79,_RNCNCNvXs_NtCsfkq9wuszlPn_4phie7locatorNtB8_7LocatorNtNtNtCs35vC3OypZpH_4core3str6traits7FromStr8from_str0s_0Ba_
FN:90,_RNCNCNvXs_NtCsfkq9wuszlPn_4phie7locatorNtB8_7LocatorNtNtNtCs35vC3OypZpH_4core3str6traits7FromStr8from_strs0_00Ba_
FN:91,_RNCNCNvXs_NtCsfkq9wuszlPn_4phie7locatorNtB8_7LocatorNtNtNtCs35vC3OypZpH_4core3str6traits7FromStr8from_strs0_0s_0Ba_
FN:84,_RNCNCNvXs_NtCsfkq9wuszlPn_4phie7locatorNtB8_7LocatorNtNtNtCs35vC3OypZpH_4core3str6traits7FromStr8from_strs_00Ba_
FN:85,_RNCNCNvXs_NtCsfkq9wuszlPn_4phie7locatorNtB8_7LocatorNtNtNtCs35vC3OypZpH_4core3str6traits7FromStr8from_strs_0s_0Ba_
FN:120,_RNCNvXs0_NtCsfkq9wuszlPn_4phie7locatorNtB7_7LocatorNtNtCs35vC3OypZpH_4core3fmt7Display3fmt0B9_
FN:75,_RNCNvXs_NtCsfkq9wuszlPn_4phie7locatorNtB6_7LocatorNtNtNtCs35vC3OypZpH_4core3str6traits7FromStr8from_str0B8_
FN:87,_RNCNvXs_NtCsfkq9wuszlPn_4phie7locatorNtB6_7LocatorNtNtNtCs35vC3OypZpH_4core3str6traits7FromStr8from_strs0_0B8_
FN:93,_RNCNvXs_NtCsfkq9wuszlPn_4phie7locatorNtB6_7LocatorNtNtNtCs35vC3OypZpH_4core3str6traits7FromStr8from_strs1_0B8_
FN:81,_RNCNvXs_NtCsfkq9wuszlPn_4phie7locatorNtB6_7LocatorNtNtNtCs35vC3OypZpH_4core3str6traits7FromStr8from_strs_0B8_
FN:56,_RNvMNtCsfkq9wuszlPn_4phie7locatorNtB2_7Locator3loc
FN:61,_RNvMNtCsfkq9wuszlPn_4phie7locatorNtB2_7Locator6to_vec
FN:51,_RNvMNtCsfkq9wuszlPn_4phie7locatorNtB2_7Locator8from_loc
FN:40,_RNvMNtCsfkq9wuszlPn_4phie7locatorNtB2_7Locator8from_vec
FN:187,_RNvNtCsfkq9wuszlPn_4phie7locators_15converts_to_vec
FN:195,_RNvNtCsfkq9wuszlPn_4phie7locators_16creates_from_loc
FN:265,_RNvNtCsfkq9wuszlPn_4phie7locators_20fails_on_leading_dot
FN:259,_RNvNtCsfkq9wuszlPn_4phie7locators_21fails_on_trailing_dot
FN:148,_RNvNtCsfkq9wuszlPn_4phie7locators_21parses_and_prints_one
FN:241,_RNvNtCsfkq9wuszlPn_4phie7locators_22fails_on_attr_at_start
FN:217,_RNvNtCsfkq9wuszlPn_4phie7locators_22fails_on_empty_locator
FN:234,_RNvNtCsfkq9wuszlPn_4phie7locators_26fails_on_root_not_at_start
FN:201,_RNvNtCsfkq9wuszlPn_4phie7locators_30creates_from_vec_multiple_locs
FN:181,_RNvNtCsfkq9wuszlPn_4phie7locators_30returns_none_for_out_of_bounds
FN:248,_RNvNtCsfkq9wuszlPn_4phie7locators_31fails_on_obj_with_multiple_locs
FN:211,_RNvNtCsfkq9wuszlPn_4phie7locators_31parses_locator_with_invalid_loc
FN:223,_RNvNtCsfkq9wuszlPn_4phie7locators_34fails_on_obj_not_at_first_position
FN:115,_RNvXs0_NtCsfkq9wuszlPn_4phie7locatorNtB5_7LocatorNtNtCs35vC3OypZpH_4core3fmt7Display3fmt
FN:70,_RNvXs_NtCsfkq9wuszlPn_4phie7locatorNtB4_7LocatorNtNtNtCs35vC3OypZpH_4core3str6traits7FromStr8from_str
FNDA:586496,_RNvMNtCsd0xxipD5aIV_4phie7locatorNtB2_7Locator3loc
FNDA:30446,_RNvMNtCsd0xxipD5aIV_4phie7locatorNtB2_7Locator6to_vec
FNDA:0,_RNvMNtCsd0xxipD5aIV_4phie7locatorNtB2_7Locator8from_loc
FNDA:0,_RNvMNtCsd0xxipD5aIV_4phie7locatorNtB2_7Locator8from_vec
FNDA:722571,_RNvXs0_NtCsd0xxipD5aIV_4phie7locatorNtB5_7LocatorNtNtCs35vC3OypZpH_4core3fmt7Display3fmt
FNDA:1148,_RNvXs_NtCsd0xxipD5aIV_4phie7locatorNtB4_7LocatorNtNtNtCs35vC3OypZpH_4core3str6traits7FromStr8from_str
FNDA:274,_RNCNCNvXs_NtCsd0xxipD5aIV_4phie7locatorNtB8_7LocatorNtNtNtCs35vC3OypZpH_4core3str6traits7FromStr8from_str00Ba_
FNDA:0,_RNCNCNvXs_NtCsd0xxipD5aIV_4phie7locatorNtB8_7LocatorNtNtNtCs35vC3OypZpH_4core3str6traits7FromStr8from_str0s_0Ba_
FNDA:1148,_RNCNCNvXs_NtCsd0xxipD5aIV_4phie7locatorNtB8_7LocatorNtNtNtCs35vC3OypZpH_4core3str6traits7FromStr8from_strs0_00Ba_
FNDA:0,_RNCNCNvXs_NtCsd0xxipD5aIV_4phie7locatorNtB8_7LocatorNtNtNtCs35vC3OypZpH_4core3str6traits7FromStr8from_strs0_0s_0Ba_
FNDA:274,_RNCNCNvXs_NtCsd0xxipD5aIV_4phie7locatorNtB8_7LocatorNtNtNtCs35vC3OypZpH_4core3str6traits7FromStr8from_strs_00Ba_
FNDA:0,_RNCNCNvXs_NtCsd0xxipD5aIV_4phie7locatorNtB8_7LocatorNtNtNtCs35vC3OypZpH_4core3str6traits7FromStr8from_strs_0s_0Ba_
FNDA:912666,_RNCNvXs0_NtCsd0xxipD5aIV_4phie7locatorNtB7_7LocatorNtNtCs35vC3OypZpH_4core3fmt7Display3fmt0B9_
FNDA:1148,_RNCNvXs_NtCsd0xxipD5aIV_4phie7locatorNtB6_7LocatorNtNtNtCs35vC3OypZpH_4core3str6traits7FromStr8from_str0B8_
FNDA:1148,_RNCNvXs_NtCsd0xxipD5aIV_4phie7locatorNtB6_7LocatorNtNtNtCs35vC3OypZpH_4core3str6traits7FromStr8from_strs0_0B8_
FNDA:1148,_RNCNvXs_NtCsd0xxipD5aIV_4phie7locatorNtB6_7LocatorNtNtNtCs35vC3OypZpH_4core3str6traits7FromStr8from_strs1_0B8_
FNDA:1148,_RNCNvXs_NtCsd0xxipD5aIV_4phie7locatorNtB6_7LocatorNtNtNtCs35vC3OypZpH_4core3str6traits7FromStr8from_strs_0B8_
FNDA:124,_RNCNCNvXs_NtCsfkq9wuszlPn_4phie7locatorNtB8_7LocatorNtNtNtCs35vC3OypZpH_4core3str6traits7FromStr8from_str00Ba_
FNDA:3,_RNCNCNvXs_NtCsfkq9wuszlPn_4phie7locatorNtB8_7LocatorNtNtNtCs35vC3OypZpH_4core3str6traits7FromStr8from_str0s_0Ba_
FNDA:243,_RNCNCNvXs_NtCsfkq9wuszlPn_4phie7locatorNtB8_7LocatorNtNtNtCs35vC3OypZpH_4core3str6traits7FromStr8from_strs0_00Ba_
FNDA:2,_RNCNCNvXs_NtCsfkq9wuszlPn_4phie7locatorNtB8_7LocatorNtNtNtCs35vC3OypZpH_4core3str6traits7FromStr8from_strs0_0s_0Ba_
FNDA:120,_RNCNCNvXs_NtCsfkq9wuszlPn_4phie7locatorNtB8_7LocatorNtNtNtCs35vC3OypZpH_4core3str6traits7FromStr8from_strs_00Ba_
FNDA:2,_RNCNCNvXs_NtCsfkq9wuszlPn_4phie7locatorNtB8_7LocatorNtNtNtCs35vC3OypZpH_4core3str6traits7FromStr8from_strs_0s_0Ba_
FNDA:1197,_RNCNvXs0_NtCsfkq9wuszlPn_4phie7locatorNtB7_7LocatorNtNtCs35vC3OypZpH_4core3fmt7Display3fmt0B9_
FNDA:248,_RNCNvXs_NtCsfkq9wuszlPn_4phie7locatorNtB6_7LocatorNtNtNtCs35vC3OypZpH_4core3str6traits7FromStr8from_str0B8_
[...]
DA:173,1
DA:174,1
DA:175,1
DA:176,1
DA:177,1
DA:178,1
DA:179,1
DA:180,0
DA:181,0
DA:182,0
DA:183,0
DA:184,1
DA:185,1
DA:186,1
DA:189,1
DA:190,1
DA:191,1
DA:192,1
DA:193,1
DA:194,1
DA:195,1
DA:196,1
DA:197,1
DA:198,1
DA:199,0
DA:200,0
DA:201,0
DA:202,0
DA:203,1
DA:204,1
DA:205,1
DA:208,1
DA:209,1
DA:210,1
DA:211,1
DA:212,1
DA:213,1
DA:214,1
DA:215,1
DA:216,1
DA:217,1
DA:218,0
DA:219,0
DA:220,0
DA:221,0
DA:222,0
DA:223,0
DA:224,0
DA:225,0
DA:226,0
DA:227,0
DA:228,1
DA:229,1
DA:230,1
DA:233,1
DA:234,1
DA:235,1
DA:236,1
DA:237,1
DA:238,1
DA:239,1
DA:240,1
DA:241,1
DA:242,1
DA:243,1
DA:246,1
DA:247,1
DA:248,1
DA:249,1
DA:250,1
DA:251,1
DA:252,1
DA:253,1
DA:254,1
DA:255,1
DA:256,0
DA:257,0
DA:258,0
DA:259,0
DA:260,1
DA:261,1
DA:262,1
DA:265,1
DA:266,1
DA:267,1
DA:268,1
DA:269,1
DA:270,1
DA:271,1
DA:272,1
DA:275,1
DA:276,1
DA:277,1
DA:278,1
DA:279,1
DA:280,1
DA:283,1
DA:284,1
DA:285,1
DA:286,1
DA:287,1
DA:288,1
DA:289,1
DA:290,1
DA:291,1
DA:292,1
DA:293,1
DA:294,1
DA:295,1
DA:296,1
DA:297,0
DA:298,0
DA:299,0
DA:300,0
DA:301,0
DA:302,1
DA:303,1
DA:304,1
DA:307,1
DA:308,1
DA:309,1
DA:310,1
DA:311,1
DA:312,1
DA:313,1
DA:314,1
DA:315,1
DA:318,1
DA:319,1
DA:320,1
DA:321,1
DA:322,1
DA:323,1
DA:324,1
DA:325,1
DA:326,1
DA:327,1
DA:328,0
DA:329,0
DA:330,0
DA:331,0
DA:332,1
DA:333,1
DA:334,1
BRF:0
BRH:0
LF:225
LH:176
end_of_record
SF:/home/ra/Projects/phie/src/rust_engine.rs
FN:125,_RNCNvMNtCsd0xxipD5aIV_4phie11rust_engineNtB4_10RustEngine7compile0B6_
FN:140,_RNCNvMNtCsd0xxipD5aIV_4phie11rust_engineNtB4_10RustEngine7execute0B6_
FN:144,_RNCNvMNtCsd0xxipD5aIV_4phie11rust_engineNtB4_10RustEngine7executes_0B6_
FN:155,_RNvMNtCsfkq9wuszlPn_4phie11rust_engineNtB2_10RustEngine19compile_and_execute
FN:78,_RNvMNtCsfkq9wuszlPn_4phie11rust_engineNtB2_10RustEngine3new
FN:121,_RNvMNtCsfkq9wuszlPn_4phie11rust_engineNtB2_10RustEngine7compile
FN:136,_RNvMNtCsfkq9wuszlPn_4phie11rust_engineNtB2_10RustEngine7execute
FN:101,_RNvMNtCsfkq9wuszlPn_4phie11rust_engineNtB2_10RustEngine8register
FN:167,_RNvMNtCsfkq9wuszlPn_4phie11rust_engineNtB2_10RustEngine8universe
FN:125,_RNCNvMNtCsfkq9wuszlPn_4phie11rust_engineNtB4_10RustEngine7compile0B6_
FN:140,_RNCNvMNtCsfkq9wuszlPn_4phie11rust_engineNtB4_10RustEngine7execute0B6_
FN:144,_RNCNvMNtCsfkq9wuszlPn_4phie11rust_engineNtB4_10RustEngine7executes_0B6_
FN:183,_RNvNtNtCsfkq9wuszlPn_4phie11rust_engine5testss_18test_register_atom
FN:258,_RNvNtNtCsfkq9wuszlPn_4phie11rust_engine5testss_19test_multiple_atoms
FN:177,_RNvNtNtCsfkq9wuszlPn_4phie11rust_engine5testss_20test_engine_creation
FN:205,_RNvNtNtCsfkq9wuszlPn_4phie11rust_engine5testss_21test_compile_workflow
FN:216,_RNvNtNtCsfkq9wuszlPn_4phie11rust_engine5testss_21test_execute_workflow
FN:270,_RNvNtNtCsfkq9wuszlPn_4phie11rust_engine5testss_21test_universe_sharing
FN:278,_RNvNtNtCsfkq9wuszlPn_4phie11rust_engine5testss_24test_register_overwrites
FN:250,_RNvNtNtCsfkq9wuszlPn_4phie11rust_engine5testss_28test_execute_uncompiled_atom
FN:234,_RNvNtNtCsfkq9wuszlPn_4phie11rust_engine5testss_29test_compile_nonexistent_atom
FN:242,_RNvNtNtCsfkq9wuszlPn_4phie11rust_engine5testss_29test_execute_nonexistent_atom
FN:190,_RNvNtNtCsfkq9wuszlPn_4phie11rust_engine5testss_36test_compile_and_execute_integration
FNDA:0,_RNCNvMNtCsd0xxipD5aIV_4phie11rust_engineNtB4_10RustEngine7compile0B6_
FNDA:0,_RNCNvMNtCsd0xxipD5aIV_4phie11rust_engineNtB4_10RustEngine7execute0B6_
FNDA:0,_RNCNvMNtCsd0xxipD5aIV_4phie11rust_engineNtB4_10RustEngine7executes_0B6_
FNDA:1,_RNvMNtCsfkq9wuszlPn_4phie11rust_engineNtB2_10RustEngine19compile_and_execute
FNDA:11,_RNvMNtCsfkq9wuszlPn_4phie11rust_engineNtB2_10RustEngine3new
FNDA:4,_RNvMNtCsfkq9wuszlPn_4phie11rust_engineNtB2_10RustEngine7compile
FNDA:2,_RNvMNtCsfkq9wuszlPn_4phie11rust_engineNtB2_10RustEngine7execute
FNDA:10,_RNvMNtCsfkq9wuszlPn_4phie11rust_engineNtB2_10RustEngine8register
FNDA:2,_RNvMNtCsfkq9wuszlPn_4phie11rust_engineNtB2_10RustEngine8universe
FNDA:1,_RNCNvMNtCsfkq9wuszlPn_4phie11rust_engineNtB4_10RustEngine7compile0B6_
FNDA:1,_RNCNvMNtCsfkq9wuszlPn_4phie11rust_engineNtB4_10RustEngine7execute0B6_
FNDA:0,_RNCNvMNtCsfkq9wuszlPn_4phie11rust_engineNtB4_10RustEngine7executes_0B6_
FNDA:1,_RNvNtNtCsfkq9wuszlPn_4phie11rust_engine5testss_18test_register_atom
FNDA:1,_RNvNtNtCsfkq9wuszlPn_4phie11rust_engine5testss_19test_multiple_atoms
FNDA:1,_RNvNtNtCsfkq9wuszlPn_4phie11rust_engine5testss_20test_engine_creation
FNDA:1,_RNvNtNtCsfkq9wuszlPn_4phie11rust_engine5testss_21test_compile_workflow
FNDA:1,_RNvNtNtCsfkq9wuszlPn_4phie11rust_engine5testss_21test_execute_workflow
FNDA:1,_RNvNtNtCsfkq9wuszlPn_4phie11rust_engine5testss_21test_universe_sharing
FNDA:1,_RNvNtNtCsfkq9wuszlPn_4phie11rust_engine5testss_24test_register_overwrites
FNDA:1,_RNvNtNtCsfkq9wuszlPn_4phie11rust_engine5testss_28test_execute_uncompiled_atom
FNDA:1,_RNvNtNtCsfkq9wuszlPn_4phie11rust_engine5testss_29test_compile_nonexistent_atom
FNDA:1,_RNvNtNtCsfkq9wuszlPn_4phie11rust_engine5testss_29test_execute_nonexistent_atom
FNDA:1,_RNvNtNtCsfkq9wuszlPn_4phie11rust_engine5testss_36test_compile_and_execute_integration
FNF:20
FNH:19
DA:78,11
DA:79,11
DA:80,11
DA:81,11
DA:82,11
DA:83,11
DA:84,11
DA:101,10
DA:102,10
DA:103,10
DA:104,10
DA:121,4
DA:122,4
DA:123,4
DA:124,4
DA:125,4
DA:126,3
DA:127,1
DA:128,4
DA:136,2
DA:137,2
DA:138,2
DA:139,2
DA:140,2
DA:141,1
DA:142,1
DA:143,1
DA:144,1
DA:145,1
DA:146,2
DA:155,1
DA:156,1
DA:157,1
DA:158,1
DA:159,1
DA:160,1
DA:161,1
DA:162,1
DA:163,0
DA:164,1
DA:167,2
DA:168,2
DA:169,2
DA:177,1
DA:178,1
DA:179,1
DA:180,1
DA:183,1
DA:184,1
DA:185,1
DA:186,1
DA:187,1
DA:190,1
DA:191,1
DA:192,1
DA:193,1
DA:194,1
DA:195,1
DA:196,1
DA:197,1
DA:198,1
DA:199,1
DA:200,0
DA:201,1
DA:202,1
DA:205,1
DA:206,1
DA:207,1
DA:208,1
DA:209,1
DA:210,1
DA:211,1
DA:212,0
DA:213,1
DA:216,1
DA:217,1
DA:218,1
DA:219,1
DA:220,1
DA:221,1
DA:222,1
DA:223,1
DA:224,1
DA:225,1
DA:226,0
DA:227,0
DA:228,0
DA:229,0
DA:230,1
DA:231,1
DA:234,1
DA:235,1
DA:236,1
DA:237,1
DA:238,1
DA:239,1
DA:242,1
DA:243,1
DA:244,1
DA:245,1
DA:246,1
DA:247,1
DA:250,1
DA:251,1
DA:252,1
DA:253,1
DA:254,1
DA:255,1
DA:258,1
DA:259,1
DA:260,1
DA:261,1
DA:262,1
DA:263,1
DA:264,1
DA:265,1
DA:266,1
DA:267,1
DA:270,1
DA:271,1
DA:272,1
DA:273,1
DA:274,1
DA:275,1
DA:278,1
DA:279,1
DA:280,1
DA:281,1
DA:282,1
DA:283,1
BRF:0
BRH:0
LF:133
LH:125
end_of_record
SF:/home/ra/Projects/phie/src/universe.rs
FN:162,_RNvMNtCsfkq9wuszlPn_4phie8universeNtB2_8Universe14dataize_vertex
FN:110,_RNvMNtCsfkq9wuszlPn_4phie8universeNtB2_8Universe3add
FN:72,_RNvMNtCsfkq9wuszlPn_4phie8universeNtB2_8Universe3newB4_
FN:131,_RNvMNtCsfkq9wuszlPn_4phie8universeNtB2_8Universe3put
FN:173,_RNvMNtCsfkq9wuszlPn_4phie8universeNtB2_8Universe4bind
FN:152,_RNvMNtCsfkq9wuszlPn_4phie8universeNtB2_8Universe7dataize
FN:91,_RNvMNtCsfkq9wuszlPn_4phie8universeNtB2_8Universe7next_idB4_
FN:179,_RNvXs_NtCsfkq9wuszlPn_4phie8universeNtB4_8UniverseNtNtCs35vC3OypZpH_4core7default7Default7default
FN:246,_RNvNtNtCsfkq9wuszlPn_4phie8universe5testss_17test_invalid_path
FN:219,_RNvNtNtCsfkq9wuszlPn_4phie8universe5testss_18test_bind_workflow
FN:210,_RNvNtNtCsfkq9wuszlPn_4phie8universe5testss_20test_dataize_by_path
FN:195,_RNvNtNtCsfkq9wuszlPn_4phie8universe5testss_21test_universe_default
FN:201,_RNvNtNtCsfkq9wuszlPn_4phie8universe5testss_22test_complete_workflow
FN:233,_RNvNtNtCsfkq9wuszlPn_4phie8universe5testss_22test_multiple_vertices
FN:189,_RNvNtNtCsfkq9wuszlPn_4phie8universe5testss_22test_universe_creation
FNDA:14,_RNvMNtCsfkq9wuszlPn_4phie8universeNtB2_8Universe14dataize_vertex
FNDA:14,_RNvMNtCsfkq9wuszlPn_4phie8universeNtB2_8Universe3add
FNDA:25,_RNvMNtCsfkq9wuszlPn_4phie8universeNtB2_8Universe3newB4_
FNDA:14,_RNvMNtCsfkq9wuszlPn_4phie8universeNtB2_8Universe3put
FNDA:1,_RNvMNtCsfkq9wuszlPn_4phie8universeNtB2_8Universe4bind
FNDA:2,_RNvMNtCsfkq9wuszlPn_4phie8universeNtB2_8Universe7dataize
FNDA:14,_RNvMNtCsfkq9wuszlPn_4phie8universeNtB2_8Universe7next_idB4_
FNDA:1,_RNvXs_NtCsfkq9wuszlPn_4phie8universeNtB4_8UniverseNtNtCs35vC3OypZpH_4core7default7Default7default
FNDA:1,_RNvNtNtCsfkq9wuszlPn_4phie8universe5testss_17test_invalid_path
FNDA:1,_RNvNtNtCsfkq9wuszlPn_4phie8universe5testss_18test_bind_workflow
FNDA:1,_RNvNtNtCsfkq9wuszlPn_4phie8universe5testss_20test_dataize_by_path
FNDA:1,_RNvNtNtCsfkq9wuszlPn_4phie8universe5testss_21test_universe_default
FNDA:1,_RNvNtNtCsfkq9wuszlPn_4phie8universe5testss_22test_complete_workflow
FNDA:1,_RNvNtNtCsfkq9wuszlPn_4phie8universe5testss_22test_multiple_vertices
FNDA:1,_RNvNtNtCsfkq9wuszlPn_4phie8universe5testss_22test_universe_creation
FNF:15
FNH:15
DA:72,25
DA:73,25
DA:74,25
DA:75,25
DA:76,25
DA:91,14
DA:92,14
DA:93,14
DA:110,14
DA:111,14
DA:112,14
DA:131,14
DA:132,14
DA:133,14
DA:152,2
DA:153,2
DA:154,1
DA:155,2
DA:162,14
DA:163,14
DA:164,14
DA:173,1
DA:174,1
DA:175,1
DA:179,1
DA:180,1
DA:181,1
DA:189,1
DA:190,1
DA:191,1
DA:192,1
DA:195,1
DA:196,1
DA:197,1
DA:198,1
DA:201,1
DA:202,1
DA:203,1
DA:204,1
DA:205,1
DA:206,1
DA:207,1
DA:210,1
DA:211,1
DA:212,1
DA:213,1
DA:214,1
DA:215,1
DA:216,1
DA:219,1
DA:220,1
DA:221,1
DA:222,1
DA:223,1
DA:224,1
DA:225,1
DA:226,1
DA:227,1
DA:228,1
DA:229,1
DA:230,1
DA:233,1
DA:234,1
DA:235,11
DA:236,10
DA:237,10
DA:238,10
DA:239,10
DA:240,11
DA:241,10
DA:243,1
DA:246,1
DA:247,1
DA:248,1
DA:249,1
BRF:0
BRH:0
LF:75
LH:75
end_of_record
SF:/home/ra/Projects/phie/src/universe/cache.rs
FN:117,_RNvMNtNtCsfkq9wuszlPn_4phie8universe5cacheNtB2_5Cache3getB6_
FN:141,_RNvMNtNtCsfkq9wuszlPn_4phie8universe5cacheNtB2_5Cache3lenB6_
FN:59,_RNvMNtNtCsfkq9wuszlPn_4phie8universe5cacheNtB2_5Cache3newB6_
FN:85,_RNvMNtNtCsfkq9wuszlPn_4phie8universe5cacheNtB2_5Cache3put
FN:177,_RNvMNtNtCsfkq9wuszlPn_4phie8universe5cacheNtB2_5Cache5clear
FN:158,_RNvMNtNtCsfkq9wuszlPn_4phie8universe5cacheNtB2_5Cache8is_emptyB6_
FN:183,_RNvXs_NtNtCsfkq9wuszlPn_4phie8universe5cacheNtB4_5CacheNtNtCs35vC3OypZpH_4core7default7Default7default
FN:260,_RNvNtNtNtCsfkq9wuszlPn_4phie8universe5cache5testss_10test_clear
FN:285,_RNvNtNtNtCsfkq9wuszlPn_4phie8universe5cache5testss_12test_max_i16
FN:292,_RNvNtNtNtCsfkq9wuszlPn_4phie8universe5cache5testss_12test_min_i16
FN:278,_RNvNtNtNtCsfkq9wuszlPn_4phie8universe5cache5testss_14test_zero_data
FN:206,_RNvNtNtNtCsfkq9wuszlPn_4phie8universe5cache5testss_16test_put_and_get
FN:247,_RNvNtNtNtCsfkq9wuszlPn_4phie8universe5cache5testss_17test_sparse_cache
FN:200,_RNvNtNtNtCsfkq9wuszlPn_4phie8universe5cache5testss_18test_cache_default
FN:271,_RNvNtNtNtCsfkq9wuszlPn_4phie8universe5cache5testss_18test_negative_data
FN:193,_RNvNtNtNtCsfkq9wuszlPn_4phie8universe5cache5testss_19test_cache_creation
FN:213,_RNvNtNtNtCsfkq9wuszlPn_4phie8universe5cache5testss_20test_get_nonexistent
FN:228,_RNvNtNtNtCsfkq9wuszlPn_4phie8universe5cache5testss_20test_multiple_values
FN:239,_RNvNtNtNtCsfkq9wuszlPn_4phie8universe5cache5testss_20test_overwrite_value
FN:220,_RNvNtNtNtCsfkq9wuszlPn_4phie8universe5cache5testss_22test_put_extends_cache
FNDA:40,_RNvMNtNtCsfkq9wuszlPn_4phie8universe5cacheNtB2_5Cache3getB6_
FNDA:2,_RNvMNtNtCsfkq9wuszlPn_4phie8universe5cacheNtB2_5Cache3lenB6_
FNDA:50,_RNvMNtNtCsfkq9wuszlPn_4phie8universe5cacheNtB2_5Cache3newB6_
FNDA:36,_RNvMNtNtCsfkq9wuszlPn_4phie8universe5cacheNtB2_5Cache3put
FNDA:1,_RNvMNtNtCsfkq9wuszlPn_4phie8universe5cacheNtB2_5Cache5clear
FNDA:3,_RNvMNtNtCsfkq9wuszlPn_4phie8universe5cacheNtB2_5Cache8is_emptyB6_
FNDA:1,_RNvXs_NtNtCsfkq9wuszlPn_4phie8universe5cacheNtB4_5CacheNtNtCs35vC3OypZpH_4core7default7Default7default
FNDA:1,_RNvNtNtNtCsfkq9wuszlPn_4phie8universe5cache5testss_10test_clear
FNDA:1,_RNvNtNtNtCsfkq9wuszlPn_4phie8universe5cache5testss_12test_max_i16
FNDA:1,_RNvNtNtNtCsfkq9wuszlPn_4phie8universe5cache5testss_12test_min_i16
FNDA:1,_RNvNtNtNtCsfkq9wuszlPn_4phie8universe5cache5testss_14test_zero_data
FNDA:1,_RNvNtNtNtCsfkq9wuszlPn_4phie8universe5cache5testss_16test_put_and_get
FNDA:1,_RNvNtNtNtCsfkq9wuszlPn_4phie8universe5cache5testss_17test_sparse_cache
FNDA:1,_RNvNtNtNtCsfkq9wuszlPn_4phie8universe5cache5testss_18test_cache_default
FNDA:1,_RNvNtNtNtCsfkq9wuszlPn_4phie8universe5cache5testss_18test_negative_data
FNDA:1,_RNvNtNtNtCsfkq9wuszlPn_4phie8universe5cache5testss_19test_cache_creation
FNDA:1,_RNvNtNtNtCsfkq9wuszlPn_4phie8universe5cache5testss_20test_get_nonexistent
FNDA:1,_RNvNtNtNtCsfkq9wuszlPn_4phie8universe5cache5testss_20test_multiple_values
FNDA:1,_RNvNtNtNtCsfkq9wuszlPn_4phie8universe5cache5testss_20test_overwrite_value
FNDA:1,_RNvNtNtNtCsfkq9wuszlPn_4phie8universe5cache5testss_22test_put_extends_cache
FNF:20
FNH:20
DA:59,50
DA:60,50
DA:61,50
DA:62,50
DA:63,50
DA:85,36
DA:86,36
DA:87,36
DA:88,35
DA:89,35
DA:90,36
DA:91,36
DA:117,40
DA:118,40
DA:119,40
DA:120,36
DA:122,4
DA:124,40
DA:141,2
DA:142,2
DA:143,2
DA:158,3
DA:159,3
DA:160,3
DA:177,1
DA:178,1
DA:179,1
DA:183,1
DA:184,1
DA:185,1
DA:193,1
DA:194,1
DA:195,1
DA:196,1
DA:197,1
DA:200,1
DA:201,1
DA:202,1
DA:203,1
DA:206,1
DA:207,1
DA:208,1
DA:209,1
DA:210,1
DA:213,1
DA:214,1
DA:215,1
DA:216,1
DA:217,1
DA:220,1
DA:221,1
DA:222,1
DA:223,1
DA:224,1
DA:225,1
DA:228,1
DA:229,1
DA:230,1
DA:231,1
DA:232,1
DA:233,1
DA:234,1
DA:235,1
DA:236,1
DA:239,1
DA:240,1
DA:241,1
DA:242,1
DA:243,1
DA:244,1
DA:247,1
DA:248,1
DA:249,1
DA:250,1
DA:251,1
DA:252,1
DA:253,1
DA:254,1
DA:255,1
DA:256,1
DA:257,1
DA:260,1
DA:261,1
DA:262,1
DA:263,1
DA:264,1
DA:265,1
DA:266,1
DA:267,1
DA:268,1
DA:271,1
DA:272,1
DA:273,1
DA:274,1
DA:275,1
DA:278,1
DA:279,1
DA:280,1
DA:281,1
DA:282,1
DA:285,1
DA:286,1
DA:287,1
DA:288,1
DA:289,1
DA:292,1
DA:293,1
DA:294,1
DA:295,1
DA:296,1
BRF:0
BRH:0
LF:110
LH:110
end_of_record
SF:/home/ra/Projects/phie/src/universe/operations.rs
FN:266,_RNCNvMNtNtCsd0xxipD5aIV_4phie8universe10operationsNtB4_10Operations10parse_path0B8_
FN:104,_RNCNvMNtNtCsd0xxipD5aIV_4phie8universe10operationsNtB4_10Operations3add0B8_
FN:137,_RNCNvMNtNtCsd0xxipD5aIV_4phie8universe10operationsNtB4_10Operations3put0B8_
FN:224,_RNCNvMNtNtCsd0xxipD5aIV_4phie8universe10operationsNtB4_10Operations4bind0B8_
FN:178,_RNCNvMNtNtCsd0xxipD5aIV_4phie8universe10operationsNtB4_10Operations7dataize0B8_
FN:363,_RNvNtNtNtCsfkq9wuszlPn_4phie8universe10operations5testss_14test_zero_data
FN:301,_RNvNtNtNtCsfkq9wuszlPn_4phie8universe10operations5testss_15test_add_vertex
FN:372,_RNvNtNtNtCsfkq9wuszlPn_4phie8universe10operations5testss_16test_max_min_i16
FN:327,_RNvNtNtNtCsfkq9wuszlPn_4phie8universe10operations5testss_18test_bind_vertices
FN:354,_RNvNtNtNtCsfkq9wuszlPn_4phie8universe10operations5testss_18test_negative_data
FN:308,_RNvNtNtNtCsfkq9wuszlPn_4phie8universe10operations5testss_20test_put_and_dataize
FN:293,_RNvNtNtNtCsfkq9wuszlPn_4phie8universe10operations5testss_21test_next_id_sequence
FN:337,_RNvNtNtNtCsfkq9wuszlPn_4phie8universe10operations5testss_21test_parse_path_valid
FN:287,_RNvNtNtNtCsfkq9wuszlPn_4phie8universe10operations5testss_23test_operations_default
FN:345,_RNvNtNtNtCsfkq9wuszlPn_4phie8universe10operations5testss_23test_parse_path_invalid
FN:281,_RNvNtNtNtCsfkq9wuszlPn_4phie8universe10operations5testss_24test_operations_creation
FN:317,_RNvNtNtNtCsfkq9wuszlPn_4phie8universe10operations5testss_25test_dataize_caches_value
FN:266,_RNCNvMNtNtCsfkq9wuszlPn_4phie8universe10operationsNtB4_10Operations10parse_path0B8_
FN:104,_RNCNvMNtNtCsfkq9wuszlPn_4phie8universe10operationsNtB4_10Operations3add0B8_
FN:137,_RNCNvMNtNtCsfkq9wuszlPn_4phie8universe10operationsNtB4_10Operations3put0B8_
FN:224,_RNCNvMNtNtCsfkq9wuszlPn_4phie8universe10operationsNtB4_10Operations4bind0B8_
FN:178,_RNCNvMNtNtCsfkq9wuszlPn_4phie8universe10operationsNtB4_10Operations7dataize0B8_
FN:257,_RNvMNtNtCsfkq9wuszlPn_4phie8universe10operationsNtB2_10Operations10parse_path
FN:101,_RNvMNtNtCsfkq9wuszlPn_4phie8universe10operationsNtB2_10Operations3add
FN:46,_RNvMNtNtCsfkq9wuszlPn_4phie8universe10operationsNtB2_10Operations3new
FN:131,_RNvMNtNtCsfkq9wuszlPn_4phie8universe10operationsNtB2_10Operations3put
FN:221,_RNvMNtNtCsfkq9wuszlPn_4phie8universe10operationsNtB2_10Operations4bind
FN:171,_RNvMNtNtCsfkq9wuszlPn_4phie8universe10operationsNtB2_10Operations7dataize
FN:73,_RNvMNtNtCsfkq9wuszlPn_4phie8universe10operationsNtB2_10Operations7next_idB6_
FN:271,_RNvXs_NtNtCsfkq9wuszlPn_4phie8universe10operationsNtB4_10OperationsNtNtCs35vC3OypZpH_4core7default7Default7default
FNDA:0,_RNCNvMNtNtCsd0xxipD5aIV_4phie8universe10operationsNtB4_10Operations10parse_path0B8_
FNDA:0,_RNCNvMNtNtCsd0xxipD5aIV_4phie8universe10operationsNtB4_10Operations3add0B8_
FNDA:0,_RNCNvMNtNtCsd0xxipD5aIV_4phie8universe10operationsNtB4_10Operations3put0B8_
FNDA:0,_RNCNvMNtNtCsd0xxipD5aIV_4phie8universe10operationsNtB4_10Operations4bind0B8_
FNDA:0,_RNCNvMNtNtCsd0xxipD5aIV_4phie8universe10operationsNtB4_10Operations7dataize0B8_
FNDA:1,_RNvNtNtNtCsfkq9wuszlPn_4phie8universe10operations5testss_14test_zero_data
FNDA:1,_RNvNtNtNtCsfkq9wuszlPn_4phie8universe10operations5testss_15test_add_vertex
FNDA:1,_RNvNtNtNtCsfkq9wuszlPn_4phie8universe10operations5testss_16test_max_min_i16
FNDA:1,_RNvNtNtNtCsfkq9wuszlPn_4phie8universe10operations5testss_18test_bind_vertices
FNDA:1,_RNvNtNtNtCsfkq9wuszlPn_4phie8universe10operations5testss_18test_negative_data
FNDA:1,_RNvNtNtNtCsfkq9wuszlPn_4phie8universe10operations5testss_20test_put_and_dataize
FNDA:1,_RNvNtNtNtCsfkq9wuszlPn_4phie8universe10operations5testss_21test_next_id_sequence
FNDA:1,_RNvNtNtNtCsfkq9wuszlPn_4phie8universe10operations5testss_21test_parse_path_valid
FNDA:1,_RNvNtNtNtCsfkq9wuszlPn_4phie8universe10operations5testss_23test_operations_default
FNDA:1,_RNvNtNtNtCsfkq9wuszlPn_4phie8universe10operations5testss_23test_parse_path_invalid
FNDA:1,_RNvNtNtNtCsfkq9wuszlPn_4phie8universe10operations5testss_24test_operations_creation
FNDA:1,_RNvNtNtNtCsfkq9wuszlPn_4phie8universe10operations5testss_25test_dataize_caches_value
FNDA:1,_RNCNvMNtNtCsfkq9wuszlPn_4phie8universe10operationsNtB4_10Operations10parse_path0B8_
FNDA:0,_RNCNvMNtNtCsfkq9wuszlPn_4phie8universe10operationsNtB4_10Operations3add0B8_
FNDA:0,_RNCNvMNtNtCsfkq9wuszlPn_4phie8universe10operationsNtB4_10Operations3put0B8_
FNDA:0,_RNCNvMNtNtCsfkq9wuszlPn_4phie8universe10operationsNtB4_10Operations4bind0B8_
FNDA:0,_RNCNvMNtNtCsfkq9wuszlPn_4phie8universe10operationsNtB4_10Operations7dataize0B8_
FNDA:9,_RNvMNtNtCsfkq9wuszlPn_4phie8universe10operationsNtB2_10Operations10parse_path
FNDA:23,_RNvMNtNtCsfkq9wuszlPn_4phie8universe10operationsNtB2_10Operations3add
FNDA:37,_RNvMNtNtCsfkq9wuszlPn_4phie8universe10operationsNtB2_10Operations3new
FNDA:20,_RNvMNtNtCsfkq9wuszlPn_4phie8universe10operationsNtB2_10Operations3put
FNDA:2,_RNvMNtNtCsfkq9wuszlPn_4phie8universe10operationsNtB2_10Operations4bind
FNDA:21,_RNvMNtNtCsfkq9wuszlPn_4phie8universe10operationsNtB2_10Operations7dataize
FNDA:26,_RNvMNtNtCsfkq9wuszlPn_4phie8universe10operationsNtB2_10Operations7next_idB6_
FNDA:1,_RNvXs_NtNtCsfkq9wuszlPn_4phie8universe10operationsNtB4_10OperationsNtNtCs35vC3OypZpH_4core7default7Default7default
FNF:25
FNH:21
DA:46,37
DA:47,37
DA:48,37
DA:49,37
DA:50,37
DA:51,37
DA:52,37
DA:73,26
DA:74,26
DA:75,26
DA:76,26
DA:77,26
DA:101,23
DA:102,23
DA:103,23
DA:104,23
DA:105,23
DA:131,20
DA:132,20
DA:133,20
DA:134,20
DA:135,20
DA:136,20
DA:137,20
DA:138,20
DA:171,21
DA:172,21
DA:173,21
DA:174,0
DA:175,0
DA:176,0
DA:177,0
DA:178,0
DA:179,0
DA:180,0
DA:181,0
DA:182,0
DA:183,0
DA:184,0
DA:185,0
DA:186,0
DA:187,21
DA:221,2
DA:222,2
DA:223,2
DA:224,2
DA:225,2
DA:257,9
DA:258,9
DA:259,4
DA:260,5
DA:262,5
DA:263,5
DA:264,5
DA:265,5
DA:266,5
DA:267,9
DA:271,1
DA:272,1
DA:273,1
DA:281,1
DA:282,1
DA:283,1
DA:284,1
DA:287,1
DA:288,1
DA:289,1
DA:290,1
DA:293,1
DA:294,1
DA:295,1
DA:296,1
DA:297,1
DA:298,1
DA:301,1
DA:302,1
DA:303,1
DA:304,1
DA:305,1
DA:308,1
DA:309,1
DA:310,1
DA:311,1
DA:312,1
DA:313,1
DA:314,1
DA:317,1
DA:318,1
DA:319,1
DA:320,1
DA:321,1
DA:322,1
DA:323,1
DA:324,1
DA:327,1
DA:328,1
DA:329,1
DA:330,1
DA:331,1
DA:332,1
DA:333,1
DA:334,1
DA:337,1
DA:338,1
DA:339,1
DA:340,1
DA:341,1
DA:342,1
DA:345,1
DA:346,1
DA:347,1
DA:348,1
DA:349,1
DA:350,1
DA:351,1
DA:354,1
DA:355,1
DA:356,1
DA:357,1
DA:358,1
DA:359,1
DA:360,1
DA:363,1
DA:364,1
DA:365,1
DA:366,1
DA:367,1
DA:368,1
DA:369,1
DA:372,1
DA:373,1
DA:374,1
DA:375,1
DA:376,1
DA:377,1
DA:378,1
DA:379,1
DA:380,1
DA:381,1
DA:382,1
BRF:0
BRH:0
LF:145
LH:128
end_of_record